This is XeTeX, Version 3.141592653-2.6-0.999995 (TeX Live 2023) (preloaded format=xelatex 2023.10.26)  24 MAR 2025 21:41
entering extended mode
 restricted \write18 enabled.
 file:line:error style messages enabled.
 %&-line parsing enabled.
**elsarticle-template-harv
(./elsarticle-template-harv.tex
LaTeX2e <2022-11-01> patch level 1
L3 programming layer <2023-02-22> (c:/SoftWares/texlive/2023/texmf-dist/tex/latex/elsarticle/elsarticle.cls
Document Class: elsarticle 2020/11/20, 3.3: Elsevier Ltd
(c:/SoftWares/texlive/2023/texmf-dist/tex/latex/l3kernel/expl3.sty
Package: expl3 2023-02-22 L3 programming layer (loader) 
 (c:/SoftWares/texlive/2023/texmf-dist/tex/latex/l3backend/l3backend-xetex.def
File: l3backend-xetex.def 2023-01-16 L3 backend support: XeTeX
\g__graphics_track_int=\count181
\l__pdf_internal_box=\box51
\g__pdf_backend_object_int=\count182
\g__pdf_backend_annotation_int=\count183
\g__pdf_backend_link_int=\count184
)) (c:/SoftWares/texlive/2023/texmf-dist/tex/latex/l3packages/xparse/xparse.sty
Package: xparse 2023-02-02 L3 Experimental document command parser
) (c:/SoftWares/texlive/2023/texmf-dist/tex/latex/etoolbox/etoolbox.sty
Package: etoolbox 2020/10/05 v2.5k e-TeX tools for LaTeX (JAW)
\etb@tempcnta=\count185
)
\@bls=\dimen140
 (c:/SoftWares/texlive/2023/texmf-dist/tex/latex/base/article.cls
Document Class: article 2022/07/02 v1.4n Standard LaTeX document class
(c:/SoftWares/texlive/2023/texmf-dist/tex/latex/base/size12.clo
File: size12.clo 2022/07/02 v1.4n Standard LaTeX file (size option)
)
\c@part=\count186
\c@section=\count187
\c@subsection=\count188
\c@subsubsection=\count189
\c@paragraph=\count190
\c@subparagraph=\count191
\c@figure=\count192
\c@table=\count193
\abovecaptionskip=\skip48
\belowcaptionskip=\skip49
\bibindent=\dimen141
) (c:/SoftWares/texlive/2023/texmf-dist/tex/latex/graphics/graphicx.sty
Package: graphicx 2021/09/16 v1.2d Enhanced LaTeX Graphics (DPC,SPQR)
 (c:/SoftWares/texlive/2023/texmf-dist/tex/latex/graphics/keyval.sty
Package: keyval 2022/05/29 v1.15 key=value parser (DPC)
\KV@toks@=\toks16
) (c:/SoftWares/texlive/2023/texmf-dist/tex/latex/graphics/graphics.sty
Package: graphics 2022/03/10 v1.4e Standard LaTeX Graphics (DPC,SPQR)
 (c:/SoftWares/texlive/2023/texmf-dist/tex/latex/graphics/trig.sty
Package: trig 2021/08/11 v1.11 sin cos tan (DPC)
) (c:/SoftWares/texlive/2023/texmf-dist/tex/latex/graphics-cfg/graphics.cfg
File: graphics.cfg 2016/06/04 v1.11 sample graphics configuration
)
Package graphics Info: Driver file: xetex.def on input line 107.
 (c:/SoftWares/texlive/2023/texmf-dist/tex/latex/graphics-def/xetex.def
File: xetex.def 2022/09/22 v5.0n Graphics/color driver for xetex
))
\Gin@req@height=\dimen142
\Gin@req@width=\dimen143
)
\c@tnote=\count194
\c@fnote=\count195
\c@cnote=\count196
\c@ead=\count197
\c@author=\count198
\@eadauthor=\toks17
\c@affn=\count199
\absbox=\box52
\elsarticlehighlightsbox=\box53
\elsarticlegrabsbox=\box54
\keybox=\box55
\Columnwidth=\dimen144
\space@left=\dimen145
\els@boxa=\box56
\els@boxb=\box57
\leftMargin=\dimen146
\@enLab=\toks18
\@sep=\skip50
\@@sep=\skip51
 (./elsarticle-template-harv.spl) (c:/SoftWares/texlive/2023/texmf-dist/tex/latex/natbib/natbib.sty
Package: natbib 2010/09/13 8.31b (PWD, AO)
\bibhang=\skip52
\bibsep=\skip53
LaTeX Info: Redefining \cite on input line 694.
\c@NAT@ctr=\count266
)
\splwrite=\write3
\openout3 = `elsarticle-template-harv.spl'.

\appnamewidth=\dimen147
) (c:/SoftWares/texlive/2023/texmf-dist/tex/latex/amsfonts/amssymb.sty
Package: amssymb 2013/01/14 v3.01 AMS font symbols
 (c:/SoftWares/texlive/2023/texmf-dist/tex/latex/amsfonts/amsfonts.sty
Package: amsfonts 2013/01/14 v3.01 Basic AMSFonts support
\@emptytoks=\toks19
\symAMSa=\mathgroup4
\symAMSb=\mathgroup5
LaTeX Font Info:    Redeclaring math symbol \hbar on input line 98.
LaTeX Font Info:    Overwriting math alphabet `\mathfrak' in version `bold'
(Font)                  U/euf/m/n --> U/euf/b/n on input line 106.
)) (c:/SoftWares/texlive/2023/texmf-dist/tex/latex/amsmath/amsmath.sty
Package: amsmath 2022/04/08 v2.17n AMS math features
\@mathmargin=\skip54

For additional information on amsmath, use the `?' option.
(c:/SoftWares/texlive/2023/texmf-dist/tex/latex/amsmath/amstext.sty
Package: amstext 2021/08/26 v2.01 AMS text
 (c:/SoftWares/texlive/2023/texmf-dist/tex/latex/amsmath/amsgen.sty
File: amsgen.sty 1999/11/30 v2.0 generic functions
\@emptytoks=\toks20
\ex@=\dimen148
)) (c:/SoftWares/texlive/2023/texmf-dist/tex/latex/amsmath/amsbsy.sty
Package: amsbsy 1999/11/29 v1.2d Bold Symbols
\pmbraise@=\dimen149
) (c:/SoftWares/texlive/2023/texmf-dist/tex/latex/amsmath/amsopn.sty
Package: amsopn 2022/04/08 v2.04 operator names
)
\inf@bad=\count267
LaTeX Info: Redefining \frac on input line 234.
\uproot@=\count268
\leftroot@=\count269
LaTeX Info: Redefining \overline on input line 399.
LaTeX Info: Redefining \colon on input line 410.
\classnum@=\count270
\DOTSCASE@=\count271
LaTeX Info: Redefining \ldots on input line 496.
LaTeX Info: Redefining \dots on input line 499.
LaTeX Info: Redefining \cdots on input line 620.
\Mathstrutbox@=\box58
\strutbox@=\box59
LaTeX Info: Redefining \big on input line 722.
LaTeX Info: Redefining \Big on input line 723.
LaTeX Info: Redefining \bigg on input line 724.
LaTeX Info: Redefining \Bigg on input line 725.
\big@size=\dimen150
LaTeX Font Info:    Redeclaring font encoding OML on input line 743.
LaTeX Font Info:    Redeclaring font encoding OMS on input line 744.
\macc@depth=\count272
LaTeX Info: Redefining \bmod on input line 905.
LaTeX Info: Redefining \pmod on input line 910.
LaTeX Info: Redefining \smash on input line 940.
LaTeX Info: Redefining \relbar on input line 970.
LaTeX Info: Redefining \Relbar on input line 971.
\c@MaxMatrixCols=\count273
\dotsspace@=\muskip16
\c@parentequation=\count274
\dspbrk@lvl=\count275
\tag@help=\toks21
\row@=\count276
\column@=\count277
\maxfields@=\count278
\andhelp@=\toks22
\eqnshift@=\dimen151
\alignsep@=\dimen152
\tagshift@=\dimen153
\tagwidth@=\dimen154
\totwidth@=\dimen155
\lineht@=\dimen156
\@envbody=\toks23
\multlinegap=\skip55
\multlinetaggap=\skip56
\mathdisplay@stack=\toks24
LaTeX Info: Redefining \[ on input line 2953.
LaTeX Info: Redefining \] on input line 2954.
) (c:/SoftWares/texlive/2023/texmf-dist/tex/latex/cite/cite.sty
LaTeX Info: Redefining \cite on input line 302.
LaTeX Info: Redefining \nocite on input line 332.
Package: cite 2015/02/27  v 5.5
) (c:/SoftWares/texlive/2023/texmf-dist/tex/latex/hyperref/hyperref.sty
Package: hyperref 2023-02-07 v7.00v Hypertext links for LaTeX
 (c:/SoftWares/texlive/2023/texmf-dist/tex/generic/ltxcmds/ltxcmds.sty
Package: ltxcmds 2020-05-10 v1.25 LaTeX kernel commands for general use (HO)
) (c:/SoftWares/texlive/2023/texmf-dist/tex/generic/iftex/iftex.sty
Package: iftex 2022/02/03 v1.0f TeX engine tests
) (c:/SoftWares/texlive/2023/texmf-dist/tex/generic/pdftexcmds/pdftexcmds.sty
Package: pdftexcmds 2020-06-27 v0.33 Utility functions of pdfTeX for LuaTeX (HO)
 (c:/SoftWares/texlive/2023/texmf-dist/tex/generic/infwarerr/infwarerr.sty
Package: infwarerr 2019/12/03 v1.5 Providing info/warning/error messages (HO)
)
Package pdftexcmds Info: \pdf@primitive is available.
Package pdftexcmds Info: \pdf@ifprimitive is available.
Package pdftexcmds Info: \pdfdraftmode not found.
) (c:/SoftWares/texlive/2023/texmf-dist/tex/latex/kvsetkeys/kvsetkeys.sty
Package: kvsetkeys 2022-10-05 v1.19 Key value parser (HO)
) (c:/SoftWares/texlive/2023/texmf-dist/tex/generic/kvdefinekeys/kvdefinekeys.sty
Package: kvdefinekeys 2019-12-19 v1.6 Define keys (HO)
) (c:/SoftWares/texlive/2023/texmf-dist/tex/generic/pdfescape/pdfescape.sty
Package: pdfescape 2019/12/09 v1.15 Implements pdfTeX's escape features (HO)
) (c:/SoftWares/texlive/2023/texmf-dist/tex/latex/hycolor/hycolor.sty
Package: hycolor 2020-01-27 v1.10 Color options for hyperref/bookmark (HO)
) (c:/SoftWares/texlive/2023/texmf-dist/tex/latex/letltxmacro/letltxmacro.sty
Package: letltxmacro 2019/12/03 v1.6 Let assignment for LaTeX macros (HO)
) (c:/SoftWares/texlive/2023/texmf-dist/tex/latex/auxhook/auxhook.sty
Package: auxhook 2019-12-17 v1.6 Hooks for auxiliary files (HO)
) (c:/SoftWares/texlive/2023/texmf-dist/tex/latex/hyperref/nameref.sty
Package: nameref 2022-05-17 v2.50 Cross-referencing by name of section
 (c:/SoftWares/texlive/2023/texmf-dist/tex/latex/refcount/refcount.sty
Package: refcount 2019/12/15 v3.6 Data extraction from label references (HO)
) (c:/SoftWares/texlive/2023/texmf-dist/tex/generic/gettitlestring/gettitlestring.sty
Package: gettitlestring 2019/12/15 v1.6 Cleanup title references (HO)
 (c:/SoftWares/texlive/2023/texmf-dist/tex/latex/kvoptions/kvoptions.sty
Package: kvoptions 2022-06-15 v3.15 Key value format for package options (HO)
))
\c@section@level=\count279
)
\@linkdim=\dimen157
\Hy@linkcounter=\count280
\Hy@pagecounter=\count281
 (c:/SoftWares/texlive/2023/texmf-dist/tex/latex/hyperref/pd1enc.def
File: pd1enc.def 2023-02-07 v7.00v Hyperref: PDFDocEncoding definition (HO)
) (c:/SoftWares/texlive/2023/texmf-dist/tex/generic/intcalc/intcalc.sty
Package: intcalc 2019/12/15 v1.3 Expandable calculations with integers (HO)
) (c:/SoftWares/texlive/2023/texmf-dist/tex/generic/etexcmds/etexcmds.sty
Package: etexcmds 2019/12/15 v1.7 Avoid name clashes with e-TeX commands (HO)
)
\Hy@SavedSpaceFactor=\count282
 (c:/SoftWares/texlive/2023/texmf-dist/tex/latex/hyperref/puenc.def
File: puenc.def 2023-02-07 v7.00v Hyperref: PDF Unicode definition (HO)
)
Package hyperref Info: Hyper figures OFF on input line 4177.
Package hyperref Info: Link nesting OFF on input line 4182.
Package hyperref Info: Hyper index ON on input line 4185.
Package hyperref Info: Plain pages OFF on input line 4192.
Package hyperref Info: Backreferencing OFF on input line 4197.
Package hyperref Info: Implicit mode ON; LaTeX internals redefined.
Package hyperref Info: Bookmarks ON on input line 4425.
\c@Hy@tempcnt=\count283
 (c:/SoftWares/texlive/2023/texmf-dist/tex/latex/url/url.sty
\Urlmuskip=\muskip17
Package: url 2013/09/16  ver 3.4  Verb mode for urls, etc.
)
LaTeX Info: Redefining \url on input line 4763.
\XeTeXLinkMargin=\dimen158
 (c:/SoftWares/texlive/2023/texmf-dist/tex/generic/bitset/bitset.sty
Package: bitset 2019/12/09 v1.3 Handle bit-vector datatype (HO)
 (c:/SoftWares/texlive/2023/texmf-dist/tex/generic/bigintcalc/bigintcalc.sty
Package: bigintcalc 2019/12/15 v1.5 Expandable calculations on big integers (HO)
))
\Fld@menulength=\count284
\Field@Width=\dimen159
\Fld@charsize=\dimen160
Package hyperref Info: Hyper figures OFF on input line 6042.
Package hyperref Info: Link nesting OFF on input line 6047.
Package hyperref Info: Hyper index ON on input line 6050.
Package hyperref Info: backreferencing OFF on input line 6057.
Package hyperref Info: Link coloring OFF on input line 6062.
Package hyperref Info: Link coloring with OCG OFF on input line 6067.
Package hyperref Info: PDF/A mode OFF on input line 6072.
 (c:/SoftWares/texlive/2023/texmf-dist/tex/latex/base/atbegshi-ltx.sty
Package: atbegshi-ltx 2021/01/10 v1.0c Emulation of the original atbegshi
package with kernel methods
)
\Hy@abspage=\count285
\c@Item=\count286
\c@Hfootnote=\count287
)
Package hyperref Info: Driver (autodetected): hxetex.
 (c:/SoftWares/texlive/2023/texmf-dist/tex/latex/hyperref/hxetex.def
File: hxetex.def 2023-02-07 v7.00v Hyperref driver for XeTeX
 (c:/SoftWares/texlive/2023/texmf-dist/tex/generic/stringenc/stringenc.sty
Package: stringenc 2019/11/29 v1.12 Convert strings between diff. encodings (HO)
)
\pdfm@box=\box60
\c@Hy@AnnotLevel=\count288
\HyField@AnnotCount=\count289
\Fld@listcount=\count290
\c@bookmark@seq@number=\count291
 (c:/SoftWares/texlive/2023/texmf-dist/tex/latex/rerunfilecheck/rerunfilecheck.sty
Package: rerunfilecheck 2022-07-10 v1.10 Rerun checks for auxiliary files (HO)
 (c:/SoftWares/texlive/2023/texmf-dist/tex/latex/base/atveryend-ltx.sty
Package: atveryend-ltx 2020/08/19 v1.0a Emulation of the original atveryend package
with kernel methods
) (c:/SoftWares/texlive/2023/texmf-dist/tex/generic/uniquecounter/uniquecounter.sty
Package: uniquecounter 2019/12/15 v1.4 Provide unlimited unique counter (HO)
)
Package uniquecounter Info: New unique counter `rerunfilecheck' on input line 285.
)
\Hy@SectionHShift=\skip57
) (c:/SoftWares/texlive/2023/texmf-dist/tex/latex/multirow/multirow.sty
Package: multirow 2021/03/15 v2.8 Span multiple rows of a table
\multirow@colwidth=\skip58
\multirow@cntb=\count292
\multirow@dima=\skip59
\bigstrutjot=\dimen161
) (c:/SoftWares/texlive/2023/texmf-dist/tex/latex/booktabs/booktabs.sty
Package: booktabs 2020/01/12 v1.61803398 Publication quality tables
\heavyrulewidth=\dimen162
\lightrulewidth=\dimen163
\cmidrulewidth=\dimen164
\belowrulesep=\dimen165
\belowbottomsep=\dimen166
\aboverulesep=\dimen167
\abovetopsep=\dimen168
\cmidrulesep=\dimen169
\cmidrulekern=\dimen170
\defaultaddspace=\dimen171
\@cmidla=\count293
\@cmidlb=\count294
\@aboverulesep=\dimen172
\@belowrulesep=\dimen173
\@thisruleclass=\count295
\@lastruleclass=\count296
\@thisrulewidth=\dimen174
) (./elsarticle-template-harv.aux)
\openout1 = `elsarticle-template-harv.aux'.

LaTeX Font Info:    Checking defaults for OML/cmm/m/it on input line 56.
LaTeX Font Info:    ... okay on input line 56.
LaTeX Font Info:    Checking defaults for OMS/cmsy/m/n on input line 56.
LaTeX Font Info:    ... okay on input line 56.
LaTeX Font Info:    Checking defaults for OT1/cmr/m/n on input line 56.
LaTeX Font Info:    ... okay on input line 56.
LaTeX Font Info:    Checking defaults for T1/cmr/m/n on input line 56.
LaTeX Font Info:    ... okay on input line 56.
LaTeX Font Info:    Checking defaults for TS1/cmr/m/n on input line 56.
LaTeX Font Info:    Trying to load font information for TS1+cmr on input line 56.
 (c:/SoftWares/texlive/2023/texmf-dist/tex/latex/base/ts1cmr.fd
File: ts1cmr.fd 2022/07/10 v2.5l Standard LaTeX font definitions
)
LaTeX Font Info:    ... okay on input line 56.
LaTeX Font Info:    Checking defaults for TU/lmr/m/n on input line 56.
LaTeX Font Info:    ... okay on input line 56.
LaTeX Font Info:    Checking defaults for OMX/cmex/m/n on input line 56.
LaTeX Font Info:    ... okay on input line 56.
LaTeX Font Info:    Checking defaults for U/cmr/m/n on input line 56.
LaTeX Font Info:    ... okay on input line 56.
LaTeX Font Info:    Checking defaults for PD1/pdf/m/n on input line 56.
LaTeX Font Info:    ... okay on input line 56.
LaTeX Font Info:    Checking defaults for PU/pdf/m/n on input line 56.
LaTeX Font Info:    ... okay on input line 56.
Package hyperref Info: Link coloring OFF on input line 56.
 (./elsarticle-template-harv.out) (./elsarticle-template-harv.out)
\@outlinefile=\write4
\openout4 = `elsarticle-template-harv.out'.

File: Figure_1_Overview_and_Category_of_Style_Transfer.jpg Graphic file (type bmp)
<Figure_1_Overview_and_Category_of_Style_Transfer.jpg>
 [1

] [2

]
LaTeX Font Info:    Trying to load font information for U+msa on input line 171.
 (c:/SoftWares/texlive/2023/texmf-dist/tex/latex/amsfonts/umsa.fd
File: umsa.fd 2013/01/14 v3.01 AMS symbols A
)
LaTeX Font Info:    Trying to load font information for U+msb on input line 171.
 (c:/SoftWares/texlive/2023/texmf-dist/tex/latex/amsfonts/umsb.fd
File: umsb.fd 2013/01/14 v3.01 AMS symbols B
)
Overfull \hbox (2.608pt too wide) has occurred while \output is active
[] 
 []

[1


]
Overfull \hbox (3.96565pt too wide) in paragraph at lines 196--198
\TU/lmr/m/n/12 environmental atmosphere rendering[[]], font generation[[]], font recognition[[]],
 []


Overfull \hbox (12.72566pt too wide) in paragraph at lines 196--198
\TU/lmr/m/n/12 portrait editing [[], []], design assistance [[], [], [], [], []], photo restoration[[]],
 []

[2] [3] [4] [5] [6] [7]
File: Figure_2_The_Artistic_Images_Generated_by_Alexander_et_al.jpg Graphic file (type bmp)
<Figure_2_The_Artistic_Images_Generated_by_Alexander_et_al.jpg>
 [8]
File: Figure_3__CNN_Can_Extracting_Both_Content_and_Style_Features.png Graphic file (type bmp)
<Figure_3__CNN_Can_Extracting_Both_Content_and_Style_Features.png>
 [9] [10] [11] [12] [13]
Overfull \hbox (6.16003pt too wide) in paragraph at lines 334--335
[]\TU/lmr/m/n/12 The aforementioned parameterized model-based neural style transfer meth-
 []

[14] [15] [16]
File: Figure_4__Johnson_et_al_Network_Architecture.pdf Graphic file (type pdf)
<use Figure_4__Johnson_et_al_Network_Architecture.pdf>
 [17]
File: Figure_5__Ulyanov_et_al_Network_Architecture.pdf Graphic file (type pdf)
<use Figure_5__Ulyanov_et_al_Network_Architecture.pdf>
File: Figure_6__Li_et_al_Network_Architecture.pdf Graphic file (type pdf)
<use Figure_6__Li_et_al_Network_Architecture.pdf>
 [18]
Overfull \hbox (6.52939pt too wide) in paragraph at lines 409--410
\TU/lmr/m/n/12 learn both specific cartoon styles and domain-specific style information. Caster
 []


Overfull \hbox (1.10403pt too wide) in paragraph at lines 413--414
[]\TU/lmr/bx/n/12 Using Generative Adversarial Networks for Per Model Per Style.
 []

[19]
File: Figure_7__Workflow_of_CycleGAN.pdf Graphic file (type pdf)
<use Figure_7__Workflow_of_CycleGAN.pdf>
 [20] [21] [22] [23] [24]
Overfull \hbox (13.89604pt too wide) in paragraph at lines 464--465
[]\TU/lmr/m/n/12 Chen et al.[[]] achieved parameter simplification through a different method.
 []

File: Figure_8__Network_Architecture_of_Chen_et_al_.pdf Graphic file (type pdf)
<use Figure_8__Network_Architecture_of_Chen_et_al_.pdf>
[25] [26]
File: Figure_9__Network_Architecture_of_Huang_et_al_.pdf Graphic file (type pdf)
<use Figure_9__Network_Architecture_of_Huang_et_al_.pdf>
 [27] [28] [29] [30]
Overfull \hbox (1.82884pt too wide) in paragraph at lines 564--565
[]\TU/lmr/m/n/12 Furthermore, attention mechanisms permit the exchange of features across
 []

[31] [32] [33] [34] [35] [36] [37]
File: Figure_10__Zhu_et_al_Distributed_Attention.pdf Graphic file (type pdf)
<use Figure_10__Zhu_et_al_Distributed_Attention.pdf>
 [38] [39] [40]
Overfull \hbox (4.78163pt too wide) in paragraph at lines 646--647
\TU/lmr/m/n/12 weight penalties, semantic-aware threshold regularization, and semantic-aware
 []

[41] [42]
Overfull \hbox (7.18484pt too wide) in paragraph at lines 665--666
[]\TU/lmr/m/n/12 Wang et al.[[]] developed a framework called StyleDiffusion, which achieves
 []

[43] [44] [45] [46] [47] [48] [49] [50] [51] [52] [53] [54] [55] [56]
Overfull \hbox (9.67476pt too wide) in paragraph at lines 866--867
[]\TU/lmr/m/n/12 Huang et al.[[]] proposed a point cloud-based 3D scene stylization method.
 []

[57] [58]
Overfull \hbox (10.21553pt too wide) in paragraph at lines 880--881
\TU/lmr/m/n/12 to represent 3D scenes, achieving high-fidelity geometric reconstruction through
 []


Overfull \hbox (6.46884pt too wide) in paragraph at lines 880--881
\TU/lmr/m/n/12 adaptive normalization and channel self-attention mechanisms, ensuring multi-
 []

[59] [60] [61]
Overfull \hbox (6.70403pt too wide) in paragraph at lines 917--918
[]\TU/lmr/m/n/12 Some diffusion models use visual programming-based approaches to achieve
 []

[62] [63] [64]
Overfull \hbox (14.63205pt too wide) in paragraph at lines 947--948
[]\TU/lmr/m/n/12 Object detection technology[[], []] further strengthens the target-oriented
 []

[65]
Overfull \hbox (8.27605pt too wide) in paragraph at lines 959--960
[]\TU/lmr/m/n/12 Efficiency becomes a significant challenge when dealing with high-resolution
 []

[66] [67]
Overfull \hbox (2.06004pt too wide) in paragraph at lines 984--985
\TU/lmr/m/n/12 technology has made significant progress in generating high-quality images[[],
 []

[68]
Overfull \hbox (9.23605pt too wide) in paragraph at lines 994--995
[]\TU/lmr/m/n/12 Transformer-based methods have become one of the mainstream approaches
 []

[69] (./elsarticle-template-harv.bbl [70] [71] [72] [73]
Underfull \hbox (badness 6859) in paragraph at lines 114--115
[]\TU/lmr/m/n/12 A. Radford, Unsupervised representation learning with deep
 []


Underfull \hbox (badness 10000) in paragraph at lines 114--115
\TU/lmr/m/n/12 convolutional generative adversarial networks, arXiv preprint
 []

[74] [75] [76] [77] [78] [79] [80]
Underfull \hbox (badness 2460) in paragraph at lines 303--304
[]\TU/lmr/m/n/12 H.-T. D. Liu, A. Jacobson, Cubic stylization, arXiv preprint
 []

[81] [82] [83]) [84] (./elsarticle-template-harv.aux)
Package rerunfilecheck Info: File `elsarticle-template-harv.out' has not changed.
(rerunfilecheck)             Checksum: 013DB90A2D69CCAE1ECED70D062CE48A;6485.
 ) 
Here is how much of TeX's memory you used:
 11007 strings out of 476683
 179500 string characters out of 5803164
 1899012 words of memory out of 5000000
 31091 multiletter control sequences out of 15000+600000
 519063 words of font info for 68 fonts, out of 8000000 for 9000
 1348 hyphenation exceptions out of 8191
 72i,12n,76p,1913b,918s stack positions out of 10000i,1000n,20000p,200000b,200000s

Output written on elsarticle-template-harv.pdf (86 pages).
