\BOOKMARK [1][-]{section.1}{\376\377\137\025\212\000}{}% 1
\BOOKMARK [1][-]{section.2}{\376\377\166\370\121\163\142\200\147\057}{}% 2
\BOOKMARK [2][-]{subsection.2.1}{\376\377\126\376\120\317\176\247\137\061\166\321\167\143\213\355\116\111\122\006\122\162}{section.2}% 3
\BOOKMARK [2][-]{subsection.2.2}{\376\377\137\061\166\321\167\143\213\355\116\111\122\006\122\162\116\055\166\204\000V\000i\000T}{section.2}% 4
\BOOKMARK [1][-]{section.3}{\376\377\145\271\154\325}{}% 5
\BOOKMARK [2][-]{subsection.3.1}{\376\377\151\202\217\360}{section.3}% 6
\BOOKMARK [2][-]{subsection.3.2}{\376\377\000S\000S\000-\000E\000P\000A\150\106\147\266}{section.3}% 7
\BOOKMARK [2][-]{subsection.3.3}{\376\377\131\064\136\163\127\107\154\350\141\017\122\233\207\215\124\010\130\236\137\072\152\041\127\127\377\010\000H\000A\000A\000F\377\011}{section.3}% 8
\BOOKMARK [2][-]{subsection.3.4}{\376\377\152\041\127\213\213\255\176\303\116\016\143\137\131\061\121\375\145\160}{section.3}% 9
\BOOKMARK [1][-]{section.4}{\376\377\133\236\232\214}{}% 10
\BOOKMARK [2][-]{subsection.4.1}{\376\377\133\236\232\214\213\276\177\156}{section.4}% 11
\BOOKMARK [3][-]{subsubsection.4.1.1}{\376\377\145\160\143\156\226\306}{subsection.4.1}% 12
\BOOKMARK [3][-]{subsubsection.4.1.2}{\376\377\213\304\117\060\143\007\150\007}{subsection.4.1}% 13
\BOOKMARK [3][-]{subsubsection.4.1.3}{\376\377\133\236\163\260\176\306\202\202}{subsection.4.1}% 14
\BOOKMARK [2][-]{subsection.4.2}{\376\377\133\236\232\214\176\323\147\234}{section.4}% 15
\BOOKMARK [3][-]{subsubsection.4.2.1}{\376\377\000C\000A\000M\116\016\117\052\150\007\173\176}{subsection.4.2}% 16
\BOOKMARK [3][-]{subsubsection.4.2.2}{\376\377\122\006\122\162\176\323\147\234}{subsection.4.2}% 17
\BOOKMARK [2][-]{subsection.4.3}{\376\377\155\210\207\215\133\236\232\214}{section.4}% 18
\BOOKMARK [3][-]{subsubsection.4.3.1}{\376\377\210\145\116\001\213\355\116\111\116\262\124\214\122\233\122\006\147\220}{subsection.4.3}% 19
\BOOKMARK [3][-]{subsubsection.4.3.2}{\376\377\000H\000A\000A\000F\122\006\147\220}{subsection.4.3}% 20
\BOOKMARK [3][-]{subsubsection.4.3.3}{\376\377\000B\000a\000c\000k\000b\000o\000n\000e\122\006\147\220}{subsection.4.3}% 21
\BOOKMARK [1][-]{section.5}{\376\377\176\323\213\272}{}% 22
