This is pdfTeX, Version 3.141592653-2.6-1.40.25 (TeX Live 2023) (preloaded format=pdflatex 2023.4.21)  6 OCT 2024 17:10
entering extended mode
 restricted \write18 enabled.
 file:line:error style messages enabled.
 %&-line parsing enabled.
**CjC_template_tex
(./CjC_template_tex.tex
LaTeX2e <2022-11-01> patch level 1
L3 programming layer <2023-02-22> (./CjC.cls
Document Class: CjC 2019/01/01 v0.1 CjC LaTeX Chinese template class
(d:/PardoNekasu/Software/texlive/2023/texmf-dist/tex/latex/base/article.cls
Document Class: article 2022/07/02 v1.4n Standard LaTeX document class
(d:/PardoNekasu/Software/texlive/2023/texmf-dist/tex/latex/base/size10.clo
File: size10.clo 2022/07/02 v1.4n Standard LaTeX file (size option)
)
\c@part=\count185
\c@section=\count186
\c@subsection=\count187
\c@subsubsection=\count188
\c@paragraph=\count189
\c@subparagraph=\count190
\c@figure=\count191
\c@table=\count192
\abovecaptionskip=\skip48
\belowcaptionskip=\skip49
\bibindent=\dimen140
) (d:/PardoNekasu/Software/texlive/2023/texmf-dist/tex/latex/base/ifthen.sty
Package: ifthen 2022/04/13 v1.1d Standard LaTeX ifthen package (DPC)
) (d:/PardoNekasu/Software/texlive/2023/texmf-dist/tex/latex/sttools/flushend.sty
Package: flushend 2021/10/04 v4.0 Balancing columns in twocolumn mode
\flushend@@lastskip@a=\skip50
\flushend@@lastskip@b=\skip51
\flushend@@lastnode=\count193
\var@@loop@iter=\count194
\var@@temp@spread=\dimen141
\var@@temp@a=\dimen142
\var@@temp@loop=\dimen143
\flushend@@page@rule=\dimen144
\flushend@@varbox@lastpage=\box51
\flushend@@varbox@a=\box52
\flushend@@varbox@c=\box53
\flushend@@tempbox@a=\box54
\flushend@@tempbox@c=\box55
\flushend@@floatbox=\box56
\@viper=\box57
\hold@viper=\box58
\atColsBreak=\toks16
\atColsEnd=\toks17
\oldbreak@skip=\dimen145
) (d:/PardoNekasu/Software/texlive/2023/texmf-dist/tex/latex/graphics/graphicx.sty
Package: graphicx 2021/09/16 v1.2d Enhanced LaTeX Graphics (DPC,SPQR)
 (d:/PardoNekasu/Software/texlive/2023/texmf-dist/tex/latex/graphics/keyval.sty
Package: keyval 2022/05/29 v1.15 key=value parser (DPC)
\KV@toks@=\toks18
) (d:/PardoNekasu/Software/texlive/2023/texmf-dist/tex/latex/graphics/graphics.sty
Package: graphics 2022/03/10 v1.4e Standard LaTeX Graphics (DPC,SPQR)
 (d:/PardoNekasu/Software/texlive/2023/texmf-dist/tex/latex/graphics/trig.sty
Package: trig 2021/08/11 v1.11 sin cos tan (DPC)
) (d:/PardoNekasu/Software/texlive/2023/texmf-dist/tex/latex/graphics-cfg/graphics.cfg
File: graphics.cfg 2016/06/04 v1.11 sample graphics configuration
)
Package graphics Info: Driver file: pdftex.def on input line 107.
 (d:/PardoNekasu/Software/texlive/2023/texmf-dist/tex/latex/graphics-def/pdftex.def
File: pdftex.def 2022/09/22 v1.2b Graphics/color driver for pdftex
))
\Gin@req@height=\dimen146
\Gin@req@width=\dimen147
) (d:/PardoNekasu/Software/texlive/2023/texmf-dist/tex/latex/psnfss/times.sty
Package: times 2020/03/25 PSNFSS-v9.3 (SPQR) 
) (./picins.sty Option `picins' Version 3.0 Sep. 1992, TH Darmstadt/HRZ
\@BILD=\box59
\@TEXT=\box60
\d@breite=\dimen148
\d@hoehe=\dimen149
\d@xoff=\dimen150
\d@yoff=\dimen151
\d@shad=\dimen152
\d@dash=\dimen153
\d@boxl=\dimen154
\d@pichskip=\dimen155
\d@tmp=\dimen156
\d@tmpa=\dimen157
\d@bskip=\dimen158
\hsiz@=\dimen159
\p@getot@l=\dimen160
\c@breite=\count195
\c@hoehe=\count196
\c@xoff=\count197
\c@yoff=\count198
\c@pos=\count199
\c@shad=\count266
\c@dash=\count267
\c@boxl=\count268
\c@zeilen=\count269
\@changemode=\count270
\c@piccaption=\count271
\c@piccaptionpos=\count272
\c@picpos=\count273
\c@whole=\count274
\c@half=\count275
\c@tmp=\count276
\c@tmpa=\count277
\c@tmpb=\count278
\c@tmpc=\count279
\c@tmpd=\count280
\d@leftskip=\skip52
\ptoti=\dimen161
\ptotii=\dimen162
\env@box=\box61
\d@envdp=\dimen163
\c@hsize=\count281
\c@envdp=\count282
\d@envb=\dimen164
) (d:/PardoNekasu/Software/texlive/2023/texmf-dist/tex/latex/ccaption/ccaption.sty
Package: ccaption 2011/08/07 v3.2c Extended captioning and new floats
\@contcwidth=\skip53
\@contindw=\skip54
\abovelegendskip=\skip55
\belowlegendskip=\skip56
\c@newflo@tctr=\count283
) (d:/PardoNekasu/Software/texlive/2023/texmf-dist/tex/latex/tools/calc.sty
Package: calc 2017/05/25 v4.3 Infix arithmetic (KKT,FJ)
\calc@Acount=\count284
\calc@Bcount=\count285
\calc@Adimen=\dimen165
\calc@Bdimen=\dimen166
\calc@Askip=\skip57
\calc@Bskip=\skip58
LaTeX Info: Redefining \setlength on input line 80.
LaTeX Info: Redefining \addtolength on input line 81.
\calc@Ccount=\count286
\calc@Cskip=\skip59
)
\CjC@linespace=\skip60
) (d:/PardoNekasu/Software/texlive/2023/texmf-dist/tex/latex/caption/caption.sty
Package: caption 2023/03/12 v3.6j Customizing captions (AR)
 (d:/PardoNekasu/Software/texlive/2023/texmf-dist/tex/latex/caption/caption3.sty
Package: caption3 2023/03/12 v2.4 caption3 kernel (AR)
\caption@tempdima=\dimen167
\captionmargin=\dimen168
\caption@leftmargin=\dimen169
\caption@rightmargin=\dimen170
\caption@width=\dimen171
\caption@indent=\dimen172
\caption@parindent=\dimen173
\caption@hangindent=\dimen174
Package caption Info: Unknown document class (or package),
(caption)             standard defaults will be used.
Package caption Info: \@makecaption = \long macro:#1#2->\let \@conttempa \relax \ifdim \prevdepth >-99\p@ \vskip \abovecaptionskip \else \def \@conttempa {\vbox to\topskip {}}\fi \let \@contfnote \footnote \renewcommand {\footnote }[2][]{} \let \@contfmark \footnotemark \renewcommand {\footnotemark }[1][]{} \let \@contlabel \label \renewcommand {\label }[1]{} \sbox \@tempboxa {\@contnfont #1\@contdelim \@conttfont #2} \let \footnote \@contfnote \let \footnotemark \@contfmark \let \label \@contlabel \ifdim \wd \@tempboxa <\linewidth \centering \fi \if@contcw \centering \parbox {\@contcwidth }{\fi \if@conthang \sbox \@tempboxa {\@contnfont #1\@contdelim } \@contpre {\@contnfont #1\@contdelim }\@conttempa {\@contcstyle \hangindent =\wd \@tempboxa \hangafter =\@ne \@conttfont #2\par } \else \if@contindent \@contpre {\@contnfont #1\@contdelim }\@conttempa {\@contcstyle \hangindent =\@contindw \hangafter =\@ne \@conttfont #2\par } \else \@contpre {\@contnfont #1\@contdelim }\@conttempa {\@contcstyle \@conttfont #2\par } \fi \fi \@contpost \if@contcw \par } \fi \vskip \belowcaptionskip  on input line 1176.
)

Package caption Warning: Unknown document class (or package),
(caption)                standard defaults will be used.
See the caption package documentation for explanation.

\c@caption@flags=\count287
\c@continuedfloat=\count288
Package caption Info: picins package is loaded.
) (./preamble/preamble.tex (d:/PardoNekasu/Software/texlive/2023/texmf-dist/tex/latex/fancyhdr/fancyhdr.sty
Package: fancyhdr 2022/11/09 v4.1 Extensive control of page headers and footers
\f@nch@headwidth=\skip61
\f@nch@O@elh=\skip62
\f@nch@O@erh=\skip63
\f@nch@O@olh=\skip64
\f@nch@O@orh=\skip65
\f@nch@O@elf=\skip66
\f@nch@O@erf=\skip67
\f@nch@O@olf=\skip68
\f@nch@O@orf=\skip69
) (d:/PardoNekasu/Software/texlive/2023/texmf-dist/tex/latex/svg/svg.sty
Package: svg 2020/11/26 v2.02k (include SVG pictures)
 (d:/PardoNekasu/Software/texlive/2023/texmf-dist/tex/generic/iftex/iftex.sty
Package: iftex 2022/02/03 v1.0f TeX engine tests
) (d:/PardoNekasu/Software/texlive/2023/texmf-dist/tex/latex/koma-script/scrbase.sty
Package: scrbase 2022/10/12 v3.38 KOMA-Script package (KOMA-Script-independent basics and keyval usage)
 (d:/PardoNekasu/Software/texlive/2023/texmf-dist/tex/latex/koma-script/scrlfile.sty
Package: scrlfile 2022/10/12 v3.38 KOMA-Script package (file load hooks)
 (d:/PardoNekasu/Software/texlive/2023/texmf-dist/tex/latex/koma-script/scrlfile-hook.sty
Package: scrlfile-hook 2022/10/12 v3.38 KOMA-Script package (using LaTeX hooks)
 (d:/PardoNekasu/Software/texlive/2023/texmf-dist/tex/latex/koma-script/scrlogo.sty
Package: scrlogo 2022/10/12 v3.38 KOMA-Script package (logo)
)))
Applying: [2021/05/01] Usage of raw or classic option list on input line 252.
Already applied: [0000/00/00] Usage of raw or classic option list on input line 368.
) (d:/PardoNekasu/Software/texlive/2023/texmf-dist/tex/generic/pdftexcmds/pdftexcmds.sty
Package: pdftexcmds 2020-06-27 v0.33 Utility functions of pdfTeX for LuaTeX (HO)
 (d:/PardoNekasu/Software/texlive/2023/texmf-dist/tex/generic/infwarerr/infwarerr.sty
Package: infwarerr 2019/12/03 v1.5 Providing info/warning/error messages (HO)
) (d:/PardoNekasu/Software/texlive/2023/texmf-dist/tex/generic/ltxcmds/ltxcmds.sty
Package: ltxcmds 2020-05-10 v1.25 LaTeX kernel commands for general use (HO)
)
Package pdftexcmds Info: \pdf@primitive is available.
Package pdftexcmds Info: \pdf@ifprimitive is available.
Package pdftexcmds Info: \pdfdraftmode found.
) (d:/PardoNekasu/Software/texlive/2023/texmf-dist/tex/latex/trimspaces/trimspaces.sty
Package: trimspaces 2009/09/17 v1.1 Trim spaces around a token list
) (d:/PardoNekasu/Software/texlive/2023/texmf-dist/tex/latex/tools/shellesc.sty
Package: shellesc 2019/11/08 v1.0c unified shell escape interface for LaTeX
Package shellesc Info: Restricted shell escape enabled on input line 77.
)
\c@svg@param@lastpage=\count289
\svg@box=\box62
\c@svg@param@currpage=\count290
) (d:/PardoNekasu/Software/texlive/2023/texmf-dist/tex/latex/xcolor/xcolor.sty
Package: xcolor 2022/06/12 v2.14 LaTeX color extensions (UK)
 (d:/PardoNekasu/Software/texlive/2023/texmf-dist/tex/latex/graphics-cfg/color.cfg
File: color.cfg 2016/01/02 v1.6 sample color configuration
)
Package xcolor Info: Driver file: pdftex.def on input line 227.
 (d:/PardoNekasu/Software/texlive/2023/texmf-dist/tex/latex/graphics/mathcolor.ltx)
Package xcolor Info: Model `cmy' substituted by `cmy0' on input line 1353.
Package xcolor Info: Model `hsb' substituted by `rgb' on input line 1357.
Package xcolor Info: Model `RGB' extended on input line 1369.
Package xcolor Info: Model `HTML' substituted by `rgb' on input line 1371.
Package xcolor Info: Model `Hsb' substituted by `hsb' on input line 1372.
Package xcolor Info: Model `tHsb' substituted by `hsb' on input line 1373.
Package xcolor Info: Model `HSB' substituted by `hsb' on input line 1374.
Package xcolor Info: Model `Gray' substituted by `gray' on input line 1375.
Package xcolor Info: Model `wave' substituted by `hsb' on input line 1376.
) (d:/PardoNekasu/Software/texlive/2023/texmf-dist/tex/latex/transparent/transparent.sty
Package: transparent 2022-10-27 v1.5 Transparency with color stacks
 (d:/PardoNekasu/Software/texlive/2023/texmf-dist/tex/latex/transparent/transparent-nometadata.sty
Package: transparent-nometadata 2022-10-27 v1.5 Transparency via pdfTeX's color stack (HO)
 (d:/PardoNekasu/Software/texlive/2023/texmf-dist/tex/latex/auxhook/auxhook.sty
Package: auxhook 2019-12-17 v1.6 Hooks for auxiliary files (HO)
))) (d:/PardoNekasu/Software/texlive/2023/texmf-dist/tex/latex/pgf/systemlayer/pgfsys.sty (d:/PardoNekasu/Software/texlive/2023/texmf-dist/tex/latex/pgf/utilities/pgfrcs.sty (d:/PardoNekasu/Software/texlive/2023/texmf-dist/tex/generic/pgf/utilities/pgfutil-common.tex
\pgfutil@everybye=\toks19
\pgfutil@tempdima=\dimen175
\pgfutil@tempdimb=\dimen176
) (d:/PardoNekasu/Software/texlive/2023/texmf-dist/tex/generic/pgf/utilities/pgfutil-latex.def
\pgfutil@abb=\box63
) (d:/PardoNekasu/Software/texlive/2023/texmf-dist/tex/generic/pgf/utilities/pgfrcs.code.tex (d:/PardoNekasu/Software/texlive/2023/texmf-dist/tex/generic/pgf/pgf.revision.tex)
Package: pgfrcs 2023-01-15 v3.1.10 (3.1.10)
)) (d:/PardoNekasu/Software/texlive/2023/texmf-dist/tex/generic/pgf/systemlayer/pgfsys.code.tex
Package: pgfsys 2023-01-15 v3.1.10 (3.1.10)
 (d:/PardoNekasu/Software/texlive/2023/texmf-dist/tex/generic/pgf/utilities/pgfkeys.code.tex
\pgfkeys@pathtoks=\toks20
\pgfkeys@temptoks=\toks21
 (d:/PardoNekasu/Software/texlive/2023/texmf-dist/tex/generic/pgf/utilities/pgfkeyslibraryfiltered.code.tex
\pgfkeys@tmptoks=\toks22
))
\pgf@x=\dimen177
\pgf@y=\dimen178
\pgf@xa=\dimen179
\pgf@ya=\dimen180
\pgf@xb=\dimen181
\pgf@yb=\dimen182
\pgf@xc=\dimen183
\pgf@yc=\dimen184
\pgf@xd=\dimen185
\pgf@yd=\dimen186
\w@pgf@writea=\write3
\r@pgf@reada=\read2
\c@pgf@counta=\count291
\c@pgf@countb=\count292
\c@pgf@countc=\count293
\c@pgf@countd=\count294
\t@pgf@toka=\toks23
\t@pgf@tokb=\toks24
\t@pgf@tokc=\toks25
\pgf@sys@id@count=\count295
 (d:/PardoNekasu/Software/texlive/2023/texmf-dist/tex/generic/pgf/systemlayer/pgf.cfg
File: pgf.cfg 2023-01-15 v3.1.10 (3.1.10)
)
Driver file for pgf: pgfsys-pdftex.def
 (d:/PardoNekasu/Software/texlive/2023/texmf-dist/tex/generic/pgf/systemlayer/pgfsys-pdftex.def
File: pgfsys-pdftex.def 2023-01-15 v3.1.10 (3.1.10)
 (d:/PardoNekasu/Software/texlive/2023/texmf-dist/tex/generic/pgf/systemlayer/pgfsys-common-pdf.def
File: pgfsys-common-pdf.def 2023-01-15 v3.1.10 (3.1.10)
))) (d:/PardoNekasu/Software/texlive/2023/texmf-dist/tex/generic/pgf/systemlayer/pgfsyssoftpath.code.tex
File: pgfsyssoftpath.code.tex 2023-01-15 v3.1.10 (3.1.10)
\pgfsyssoftpath@smallbuffer@items=\count296
\pgfsyssoftpath@bigbuffer@items=\count297
) (d:/PardoNekasu/Software/texlive/2023/texmf-dist/tex/generic/pgf/systemlayer/pgfsysprotocol.code.tex
File: pgfsysprotocol.code.tex 2023-01-15 v3.1.10 (3.1.10)
)) (d:/PardoNekasu/Software/texlive/2023/texmf-dist/tex/latex/cjk/texinput/CJKutf8.sty
Package: CJKutf8 2021/10/16 4.8.5
 (d:/PardoNekasu/Software/texlive/2023/texmf-dist/tex/generic/iftex/ifpdf.sty
Package: ifpdf 2019/10/25 v3.4 ifpdf legacy package. Use iftex instead.
) (d:/PardoNekasu/Software/texlive/2023/texmf-dist/tex/latex/base/inputenc.sty
Package: inputenc 2021/02/14 v1.3d Input encoding file
\inpenc@prehook=\toks26
\inpenc@posthook=\toks27
) (d:/PardoNekasu/Software/texlive/2023/texmf-dist/tex/latex/cjk/texinput/CJK.sty
Package: CJK 2021/10/16 4.8.5
 (d:/PardoNekasu/Software/texlive/2023/texmf-dist/tex/latex/cjk/texinput/mule/MULEenc.sty
Package: MULEenc 2021/10/16 4.8.5
) (d:/PardoNekasu/Software/texlive/2023/texmf-dist/tex/latex/cjk/texinput/CJK.enc
File: CJK.enc 2021/10/16 4.8.5
Now handling font encoding C00 ...
... no UTF-8 mapping file for font encoding C00
Now handling font encoding C05 ...
... no UTF-8 mapping file for font encoding C05
Now handling font encoding C09 ...
... no UTF-8 mapping file for font encoding C09
Now handling font encoding C10 ...
... no UTF-8 mapping file for font encoding C10
Now handling font encoding C20 ...
... no UTF-8 mapping file for font encoding C20
Now handling font encoding C19 ...
... no UTF-8 mapping file for font encoding C19
Now handling font encoding C40 ...
... no UTF-8 mapping file for font encoding C40
Now handling font encoding C42 ...
... no UTF-8 mapping file for font encoding C42
Now handling font encoding C43 ...
... no UTF-8 mapping file for font encoding C43
Now handling font encoding C50 ...
... no UTF-8 mapping file for font encoding C50
Now handling font encoding C52 ...
... no UTF-8 mapping file for font encoding C52
Now handling font encoding C49 ...
... no UTF-8 mapping file for font encoding C49
Now handling font encoding C60 ...
... no UTF-8 mapping file for font encoding C60
Now handling font encoding C61 ...
... no UTF-8 mapping file for font encoding C61
Now handling font encoding C63 ...
... no UTF-8 mapping file for font encoding C63
Now handling font encoding C64 ...
... no UTF-8 mapping file for font encoding C64
Now handling font encoding C65 ...
... no UTF-8 mapping file for font encoding C65
Now handling font encoding C70 ...
... no UTF-8 mapping file for font encoding C70
Now handling font encoding C31 ...
... no UTF-8 mapping file for font encoding C31
Now handling font encoding C32 ...
... no UTF-8 mapping file for font encoding C32
Now handling font encoding C33 ...
... no UTF-8 mapping file for font encoding C33
Now handling font encoding C34 ...
... no UTF-8 mapping file for font encoding C34
Now handling font encoding C35 ...
... no UTF-8 mapping file for font encoding C35
Now handling font encoding C36 ...
... no UTF-8 mapping file for font encoding C36
Now handling font encoding C37 ...
... no UTF-8 mapping file for font encoding C37
Now handling font encoding C80 ...
... no UTF-8 mapping file for font encoding C80
Now handling font encoding C81 ...
... no UTF-8 mapping file for font encoding C81
Now handling font encoding C01 ...
... no UTF-8 mapping file for font encoding C01
Now handling font encoding C11 ...
... no UTF-8 mapping file for font encoding C11
Now handling font encoding C21 ...
... no UTF-8 mapping file for font encoding C21
Now handling font encoding C41 ...
... no UTF-8 mapping file for font encoding C41
Now handling font encoding C62 ...
... no UTF-8 mapping file for font encoding C62
)
\CJK@indent=\box64
) (d:/PardoNekasu/Software/texlive/2023/texmf-dist/tex/latex/base/fontenc.sty
Package: fontenc 2021/04/29 v2.0v Standard LaTeX package
LaTeX Font Info:    Trying to load font information for OT1+ptm on input line 112.
 (d:/PardoNekasu/Software/texlive/2023/texmf-dist/tex/latex/psnfss/ot1ptm.fd
File: ot1ptm.fd 2001/06/04 font definitions for OT1/ptm.
))) (d:/PardoNekasu/Software/texlive/2023/texmf-dist/tex/latex/footmisc/footmisc.sty
Package: footmisc 2022/03/08 v6.0d a miscellany of footnote facilities
\FN@temptoken=\toks28
\footnotemargin=\dimen187
\@outputbox@depth=\dimen188
Package footmisc Info: Declaring symbol style bringhurst on input line 695.
Package footmisc Info: Declaring symbol style chicago on input line 703.
Package footmisc Info: Declaring symbol style wiley on input line 712.
Package footmisc Info: Declaring symbol style lamport-robust on input line 723.
Package footmisc Info: Declaring symbol style lamport* on input line 743.
Package footmisc Info: Declaring symbol style lamport*-robust on input line 764.
) (d:/PardoNekasu/Software/texlive/2023/texmf-dist/tex/latex/subfigure/subfigure.sty
Package: subfigure 2002/03/15 v2.1.5 subfigure package
\subfigtopskip=\skip70
\subfigcapskip=\skip71
\subfigcaptopadj=\dimen189
\subfigbottomskip=\skip72
\subfigcapmargin=\dimen190
\subfiglabelskip=\skip73
\c@subfigure=\count298
\c@lofdepth=\count299
\c@subtable=\count300
\c@lotdepth=\count301

****************************************
* Local config file subfigure.cfg used *
****************************************
(d:/PardoNekasu/Software/texlive/2023/texmf-dist/tex/latex/subfigure/subfigure.cfg)
\subfig@top=\skip74
\subfig@bottom=\skip75
) (d:/PardoNekasu/Software/texlive/2023/texmf-dist/tex/latex/url/url.sty
\Urlmuskip=\muskip16
Package: url 2013/09/16  ver 3.4  Verb mode for urls, etc.
) (d:/PardoNekasu/Software/texlive/2023/texmf-dist/tex/latex/multirow/multirow.sty
Package: multirow 2021/03/15 v2.8 Span multiple rows of a table
\multirow@colwidth=\skip76
\multirow@cntb=\count302
\multirow@dima=\skip77
\bigstrutjot=\dimen191
) (d:/PardoNekasu/Software/texlive/2023/texmf-dist/tex/latex/cite/cite.sty
LaTeX Info: Redefining \cite on input line 302.
LaTeX Info: Redefining \nocite on input line 332.
Package: cite 2015/02/27  v 5.5
) (d:/PardoNekasu/Software/texlive/2023/texmf-dist/tex/latex/amsmath/amsmath.sty
Package: amsmath 2022/04/08 v2.17n AMS math features
\@mathmargin=\skip78

For additional information on amsmath, use the `?' option.
(d:/PardoNekasu/Software/texlive/2023/texmf-dist/tex/latex/amsmath/amstext.sty
Package: amstext 2021/08/26 v2.01 AMS text
 (d:/PardoNekasu/Software/texlive/2023/texmf-dist/tex/latex/amsmath/amsgen.sty
File: amsgen.sty 1999/11/30 v2.0 generic functions
\@emptytoks=\toks29
\ex@=\dimen192
)) (d:/PardoNekasu/Software/texlive/2023/texmf-dist/tex/latex/amsmath/amsbsy.sty
Package: amsbsy 1999/11/29 v1.2d Bold Symbols
\pmbraise@=\dimen193
) (d:/PardoNekasu/Software/texlive/2023/texmf-dist/tex/latex/amsmath/amsopn.sty
Package: amsopn 2022/04/08 v2.04 operator names
)
\inf@bad=\count303
LaTeX Info: Redefining \frac on input line 234.
\uproot@=\count304
\leftroot@=\count305
LaTeX Info: Redefining \overline on input line 399.
LaTeX Info: Redefining \colon on input line 410.
\classnum@=\count306
\DOTSCASE@=\count307
LaTeX Info: Redefining \ldots on input line 496.
LaTeX Info: Redefining \dots on input line 499.
LaTeX Info: Redefining \cdots on input line 620.
\Mathstrutbox@=\box65
\strutbox@=\box66
LaTeX Info: Redefining \big on input line 722.
LaTeX Info: Redefining \Big on input line 723.
LaTeX Info: Redefining \bigg on input line 724.
LaTeX Info: Redefining \Bigg on input line 725.
\big@size=\dimen194
LaTeX Font Info:    Redeclaring font encoding OML on input line 743.
LaTeX Font Info:    Redeclaring font encoding OMS on input line 744.
\macc@depth=\count308
LaTeX Info: Redefining \bmod on input line 905.
LaTeX Info: Redefining \pmod on input line 910.
LaTeX Info: Redefining \smash on input line 940.
LaTeX Info: Redefining \relbar on input line 970.
LaTeX Info: Redefining \Relbar on input line 971.
\c@MaxMatrixCols=\count309
\dotsspace@=\muskip17
\c@parentequation=\count310
\dspbrk@lvl=\count311
\tag@help=\toks30
\row@=\count312
\column@=\count313
\maxfields@=\count314
\andhelp@=\toks31
\eqnshift@=\dimen195
\alignsep@=\dimen196
\tagshift@=\dimen197
\tagwidth@=\dimen198
\totwidth@=\dimen199
\lineht@=\dimen256
\@envbody=\toks32
\multlinegap=\skip79
\multlinetaggap=\skip80
\mathdisplay@stack=\toks33
LaTeX Info: Redefining \[ on input line 2953.
LaTeX Info: Redefining \] on input line 2954.
) (d:/PardoNekasu/Software/texlive/2023/texmf-dist/tex/latex/amscls/amsthm.sty
Package: amsthm 2020/05/29 v2.20.6
\thm@style=\toks34
\thm@bodyfont=\toks35
\thm@headfont=\toks36
\thm@notefont=\toks37
\thm@headpunct=\toks38
\thm@preskip=\skip81
\thm@postskip=\skip82
\thm@headsep=\skip83
\dth@everypar=\toks39
) (d:/PardoNekasu/Software/texlive/2023/texmf-dist/tex/latex/amsfonts/amssymb.sty
Package: amssymb 2013/01/14 v3.01 AMS font symbols
 (d:/PardoNekasu/Software/texlive/2023/texmf-dist/tex/latex/amsfonts/amsfonts.sty
Package: amsfonts 2013/01/14 v3.01 Basic AMSFonts support
\symAMSa=\mathgroup4
\symAMSb=\mathgroup5
LaTeX Font Info:    Redeclaring math symbol \hbar on input line 98.
LaTeX Font Info:    Overwriting math alphabet `\mathfrak' in version `bold'
(Font)                  U/euf/m/n --> U/euf/b/n on input line 106.
)) (d:/PardoNekasu/Software/texlive/2023/texmf-dist/tex/latex/booktabs/booktabs.sty
Package: booktabs 2020/01/12 v1.61803398 Publication quality tables
\heavyrulewidth=\dimen257
\lightrulewidth=\dimen258
\cmidrulewidth=\dimen259
\belowrulesep=\dimen260
\belowbottomsep=\dimen261
\aboverulesep=\dimen262
\abovetopsep=\dimen263
\cmidrulesep=\dimen264
\cmidrulekern=\dimen265
\defaultaddspace=\dimen266
\@cmidla=\count315
\@cmidlb=\count316
\@aboverulesep=\dimen267
\@belowrulesep=\dimen268
\@thisruleclass=\count317
\@lastruleclass=\count318
\@thisrulewidth=\dimen269
) (d:/PardoNekasu/Software/texlive/2023/texmf-dist/tex/latex/float/float.sty
Package: float 2001/11/08 v1.3d Float enhancements (AL)
\c@float@type=\count319
\float@exts=\toks40
\float@box=\box67
\@float@everytoks=\toks41
\@floatcapt=\box68
) (d:/PardoNekasu/Software/texlive/2023/texmf-dist/tex/latex/sttools/stfloats.sty
Package: stfloats 2017/03/27 v3.3 Improve float mechanism and baselineskip settings
\@dblbotnum=\count320
\c@dblbotnumber=\count321
) (d:/PardoNekasu/Software/texlive/2023/texmf-dist/tex/latex/comment/comment.sty
\CommentStream=\write4
 Excluding comment 'comment') (d:/PardoNekasu/Software/texlive/2023/texmf-dist/tex/latex/sttools/cuted.sty
Package: cuted 2021/10/04 v2.0 Mixing onecolumn and twocolumn modes
\At@ViperColsBreak=\toks42
\preCutedStrip=\toks43
\postCutedStrip=\toks44
\cuted@@tempbox@a=\box69
\cuted@@tempbox@c=\box70
\cuted@@tempbox@var=\box71
\cuted@@varbox@a=\box72
\cuted@@varbox@c=\box73
\cuted@@tempdim@spread=\dimen270
\cuted@@tempdim@a=\dimen271
\cuted@@tempdim@b=\dimen272
\ht@hold@viper=\dimen273
\ht@viper=\dimen274
\var@@pagediscards@ht=\dimen275
\stripsep=\skip84
\viper@penalty=\count322
) (./captionhack.sty) (d:/PardoNekasu/Software/texlive/2023/texmf-dist/tex/latex/epstopdf-pkg/epstopdf.sty
Package: epstopdf 2020-01-24 v2.11 Conversion with epstopdf on the fly (HO)
 (d:/PardoNekasu/Software/texlive/2023/texmf-dist/tex/latex/grfext/grfext.sty
Package: grfext 2019/12/03 v1.3 Manage graphics extensions (HO)
 (d:/PardoNekasu/Software/texlive/2023/texmf-dist/tex/generic/kvdefinekeys/kvdefinekeys.sty
Package: kvdefinekeys 2019-12-19 v1.6 Define keys (HO)
)) (d:/PardoNekasu/Software/texlive/2023/texmf-dist/tex/latex/kvoptions/kvoptions.sty
Package: kvoptions 2022-06-15 v3.15 Key value format for package options (HO)
 (d:/PardoNekasu/Software/texlive/2023/texmf-dist/tex/latex/kvsetkeys/kvsetkeys.sty
Package: kvsetkeys 2022-10-05 v1.19 Key value parser (HO)
)) (d:/PardoNekasu/Software/texlive/2023/texmf-dist/tex/latex/epstopdf-pkg/epstopdf-base.sty
Package: epstopdf-base 2020-01-24 v2.11 Base part for package epstopdf
Package epstopdf-base Info: Redefining graphics rule for `.eps' on input line 485.
Package grfext Info: Graphics extension search list:
(grfext)             [.pdf,.png,.jpg,.mps,.jpeg,.jbig2,.jb2,.PDF,.PNG,.JPG,.JPEG,.JBIG2,.JB2,.eps]
(grfext)             \AppendGraphicsExtensions on input line 504.
 (d:/PardoNekasu/Software/texlive/2023/texmf-dist/tex/latex/latexconfig/epstopdf-sys.cfg
File: epstopdf-sys.cfg 2010/07/13 v1.3 Configuration of (r)epstopdf for TeX Live
))) (d:/PardoNekasu/Software/texlive/2023/texmf-dist/tex/latex/hyperref/hyperref.sty
Package: hyperref 2023-02-07 v7.00v Hypertext links for LaTeX
 (d:/PardoNekasu/Software/texlive/2023/texmf-dist/tex/generic/pdfescape/pdfescape.sty
Package: pdfescape 2019/12/09 v1.15 Implements pdfTeX's escape features (HO)
) (d:/PardoNekasu/Software/texlive/2023/texmf-dist/tex/latex/hycolor/hycolor.sty
Package: hycolor 2020-01-27 v1.10 Color options for hyperref/bookmark (HO)
) (d:/PardoNekasu/Software/texlive/2023/texmf-dist/tex/latex/letltxmacro/letltxmacro.sty
Package: letltxmacro 2019/12/03 v1.6 Let assignment for LaTeX macros (HO)
) (d:/PardoNekasu/Software/texlive/2023/texmf-dist/tex/latex/hyperref/nameref.sty
Package: nameref 2022-05-17 v2.50 Cross-referencing by name of section
 (d:/PardoNekasu/Software/texlive/2023/texmf-dist/tex/latex/refcount/refcount.sty
Package: refcount 2019/12/15 v3.6 Data extraction from label references (HO)
) (d:/PardoNekasu/Software/texlive/2023/texmf-dist/tex/generic/gettitlestring/gettitlestring.sty
Package: gettitlestring 2019/12/15 v1.6 Cleanup title references (HO)
)
\c@section@level=\count323
)
\@linkdim=\dimen276
\Hy@linkcounter=\count324
\Hy@pagecounter=\count325
 (d:/PardoNekasu/Software/texlive/2023/texmf-dist/tex/latex/hyperref/pd1enc.def
File: pd1enc.def 2023-02-07 v7.00v Hyperref: PDFDocEncoding definition (HO)
Now handling font encoding PD1 ...
... no UTF-8 mapping file for font encoding PD1
) (d:/PardoNekasu/Software/texlive/2023/texmf-dist/tex/generic/intcalc/intcalc.sty
Package: intcalc 2019/12/15 v1.3 Expandable calculations with integers (HO)
) (d:/PardoNekasu/Software/texlive/2023/texmf-dist/tex/generic/etexcmds/etexcmds.sty
Package: etexcmds 2019/12/15 v1.7 Avoid name clashes with e-TeX commands (HO)
)
\Hy@SavedSpaceFactor=\count326
 (d:/PardoNekasu/Software/texlive/2023/texmf-dist/tex/latex/hyperref/puenc.def
File: puenc.def 2023-02-07 v7.00v Hyperref: PDF Unicode definition (HO)
Now handling font encoding PU ...
... no UTF-8 mapping file for font encoding PU
)
Package hyperref Info: Hyper figures OFF on input line 4177.
Package hyperref Info: Link nesting OFF on input line 4182.
Package hyperref Info: Hyper index ON on input line 4185.
Package hyperref Info: Plain pages OFF on input line 4192.
Package hyperref Info: Backreferencing OFF on input line 4197.
Package hyperref Info: Implicit mode ON; LaTeX internals redefined.
Package hyperref Info: Bookmarks ON on input line 4425.
\c@Hy@tempcnt=\count327
LaTeX Info: Redefining \url on input line 4763.
\XeTeXLinkMargin=\dimen277
 (d:/PardoNekasu/Software/texlive/2023/texmf-dist/tex/generic/bitset/bitset.sty
Package: bitset 2019/12/09 v1.3 Handle bit-vector datatype (HO)
 (d:/PardoNekasu/Software/texlive/2023/texmf-dist/tex/generic/bigintcalc/bigintcalc.sty
Package: bigintcalc 2019/12/15 v1.5 Expandable calculations on big integers (HO)
))
\Fld@menulength=\count328
\Field@Width=\dimen278
\Fld@charsize=\dimen279
Package hyperref Info: Hyper figures OFF on input line 6042.
Package hyperref Info: Link nesting OFF on input line 6047.
Package hyperref Info: Hyper index ON on input line 6050.
Package hyperref Info: backreferencing OFF on input line 6057.
Package hyperref Info: Link coloring OFF on input line 6062.
Package hyperref Info: Link coloring with OCG OFF on input line 6067.
Package hyperref Info: PDF/A mode OFF on input line 6072.
 (d:/PardoNekasu/Software/texlive/2023/texmf-dist/tex/latex/base/atbegshi-ltx.sty
Package: atbegshi-ltx 2021/01/10 v1.0c Emulation of the original atbegshi
package with kernel methods
)
\Hy@abspage=\count329
\c@Item=\count330
\c@Hfootnote=\count331
)
Package hyperref Info: Driver (autodetected): hpdftex.
 (d:/PardoNekasu/Software/texlive/2023/texmf-dist/tex/latex/hyperref/hpdftex.def
File: hpdftex.def 2023-02-07 v7.00v Hyperref driver for pdfTeX
 (d:/PardoNekasu/Software/texlive/2023/texmf-dist/tex/latex/base/atveryend-ltx.sty
Package: atveryend-ltx 2020/08/19 v1.0a Emulation of the original atveryend package
with kernel methods
)
\Fld@listcount=\count332
\c@bookmark@seq@number=\count333
 (d:/PardoNekasu/Software/texlive/2023/texmf-dist/tex/latex/rerunfilecheck/rerunfilecheck.sty
Package: rerunfilecheck 2022-07-10 v1.10 Rerun checks for auxiliary files (HO)
 (d:/PardoNekasu/Software/texlive/2023/texmf-dist/tex/generic/uniquecounter/uniquecounter.sty
Package: uniquecounter 2019/12/15 v1.4 Provide unlimited unique counter (HO)
)
Package uniquecounter Info: New unique counter `rerunfilecheck' on input line 285.
)
\Hy@SectionHShift=\skip85
) (d:/PardoNekasu/Software/texlive/2023/texmf-dist/tex/latex/tools/array.sty
Package: array 2022/09/04 v2.5g Tabular extension package (FMi)
\col@sep=\dimen280
\ar@mcellbox=\box74
\extrarowheight=\dimen281
\NC@list=\toks45
\extratabsurround=\skip86
\backup@length=\skip87
\ar@cellbox=\box75
) (d:/PardoNekasu/Software/texlive/2023/texmf-dist/tex/generic/zhmetrics/zhwinfonts.tex (d:/PardoNekasu/Software/texlive/2023/texmf-dist/tex/generic/iftex/ifpdf.sty

LaTeX Warning: You have requested package `',
               but the package provides `ifpdf'.

Package: ifpdf 2019/10/25 v3.4 ifpdf legacy package. Use iftex instead.
){d:/PardoNekasu/Software/texlive/2023/texmf-var/fonts/map/pdftex/updmap/pdftex.map}{UGBK.sfd}{Unicode.sfd})) (./preamble/header_def.tex) (d:/PardoNekasu/Software/texlive/2023/texmf-dist/tex/latex/l3backend/l3backend-pdftex.def
File: l3backend-pdftex.def 2023-01-16 L3 backend support: PDF output (pdfTeX)
\l__color_backend_stack_int=\count334
\l__pdf_internal_box=\box76
)

LaTeX Warning: Unused global option(s):
    [10.5pt,journal].

(./CjC_template_tex.aux)
\openout1 = `CjC_template_tex.aux'.

LaTeX Font Info:    Checking defaults for OML/cmm/m/it on input line 15.
LaTeX Font Info:    ... okay on input line 15.
LaTeX Font Info:    Checking defaults for OMS/cmsy/m/n on input line 15.
LaTeX Font Info:    ... okay on input line 15.
LaTeX Font Info:    Checking defaults for OT1/cmr/m/n on input line 15.
LaTeX Font Info:    ... okay on input line 15.
LaTeX Font Info:    Checking defaults for T1/cmr/m/n on input line 15.
LaTeX Font Info:    ... okay on input line 15.
LaTeX Font Info:    Checking defaults for TS1/cmr/m/n on input line 15.
LaTeX Font Info:    ... okay on input line 15.
LaTeX Font Info:    Checking defaults for OMX/cmex/m/n on input line 15.
LaTeX Font Info:    ... okay on input line 15.
LaTeX Font Info:    Checking defaults for U/cmr/m/n on input line 15.
LaTeX Font Info:    ... okay on input line 15.
LaTeX Font Info:    Checking defaults for C00/song/m/n on input line 15.
LaTeX Font Info:    ... okay on input line 15.
LaTeX Font Info:    Checking defaults for C05/song/m/n on input line 15.
LaTeX Font Info:    ... okay on input line 15.
LaTeX Font Info:    Checking defaults for C09/song/m/n on input line 15.
LaTeX Font Info:    ... okay on input line 15.
LaTeX Font Info:    Checking defaults for C10/song/m/n on input line 15.
LaTeX Font Info:    ... okay on input line 15.
LaTeX Font Info:    Checking defaults for C20/song/m/n on input line 15.
LaTeX Font Info:    ... okay on input line 15.
LaTeX Font Info:    Checking defaults for C19/song/m/n on input line 15.
LaTeX Font Info:    ... okay on input line 15.
LaTeX Font Info:    Checking defaults for C40/song/m/n on input line 15.
LaTeX Font Info:    ... okay on input line 15.
LaTeX Font Info:    Checking defaults for C42/song/m/n on input line 15.
LaTeX Font Info:    ... okay on input line 15.
LaTeX Font Info:    Checking defaults for C43/song/m/n on input line 15.
LaTeX Font Info:    ... okay on input line 15.
LaTeX Font Info:    Checking defaults for C50/song/m/n on input line 15.
LaTeX Font Info:    ... okay on input line 15.
LaTeX Font Info:    Checking defaults for C52/song/m/n on input line 15.
LaTeX Font Info:    ... okay on input line 15.
LaTeX Font Info:    Checking defaults for C49/song/m/n on input line 15.
LaTeX Font Info:    ... okay on input line 15.
LaTeX Font Info:    Checking defaults for C60/mj/m/n on input line 15.
LaTeX Font Info:    ... okay on input line 15.
LaTeX Font Info:    Checking defaults for C61/mj/m/n on input line 15.
LaTeX Font Info:    ... okay on input line 15.
LaTeX Font Info:    Checking defaults for C63/mj/m/n on input line 15.
LaTeX Font Info:    ... okay on input line 15.
LaTeX Font Info:    Checking defaults for C64/mj/m/n on input line 15.
LaTeX Font Info:    ... okay on input line 15.
LaTeX Font Info:    Checking defaults for C65/mj/m/n on input line 15.
LaTeX Font Info:    ... okay on input line 15.
LaTeX Font Info:    Checking defaults for C70/song/m/n on input line 15.
LaTeX Font Info:    ... okay on input line 15.
LaTeX Font Info:    Checking defaults for C31/song/m/n on input line 15.
LaTeX Font Info:    ... okay on input line 15.
LaTeX Font Info:    Checking defaults for C32/song/m/n on input line 15.
LaTeX Font Info:    ... okay on input line 15.
LaTeX Font Info:    Checking defaults for C33/song/m/n on input line 15.
LaTeX Font Info:    ... okay on input line 15.
LaTeX Font Info:    Checking defaults for C34/song/m/n on input line 15.
LaTeX Font Info:    ... okay on input line 15.
LaTeX Font Info:    Checking defaults for C35/song/m/n on input line 15.
LaTeX Font Info:    ... okay on input line 15.
LaTeX Font Info:    Checking defaults for C36/song/m/n on input line 15.
LaTeX Font Info:    ... okay on input line 15.
LaTeX Font Info:    Checking defaults for C37/song/m/n on input line 15.
LaTeX Font Info:    ... okay on input line 15.
LaTeX Font Info:    Checking defaults for C80/song/m/n on input line 15.
LaTeX Font Info:    ... okay on input line 15.
LaTeX Font Info:    Checking defaults for C81/song/m/n on input line 15.
LaTeX Font Info:    ... okay on input line 15.
LaTeX Font Info:    Checking defaults for C01/song/m/n on input line 15.
LaTeX Font Info:    ... okay on input line 15.
LaTeX Font Info:    Checking defaults for C11/song/m/n on input line 15.
LaTeX Font Info:    ... okay on input line 15.
LaTeX Font Info:    Checking defaults for C21/song/m/n on input line 15.
LaTeX Font Info:    ... okay on input line 15.
LaTeX Font Info:    Checking defaults for C41/song/m/n on input line 15.
LaTeX Font Info:    ... okay on input line 15.
LaTeX Font Info:    Checking defaults for C62/song/m/n on input line 15.
LaTeX Font Info:    ... okay on input line 15.
LaTeX Font Info:    Checking defaults for PD1/pdf/m/n on input line 15.
LaTeX Font Info:    ... okay on input line 15.
LaTeX Font Info:    Checking defaults for PU/pdf/m/n on input line 15.
LaTeX Font Info:    ... okay on input line 15.
 (d:/PardoNekasu/Software/texlive/2023/texmf-dist/tex/context/base/mkii/supp-pdf.mkii
[Loading MPS to PDF converter (version 2006.09.02).]
\scratchcounter=\count335
\scratchdimen=\dimen282
\scratchbox=\box77
\nofMPsegments=\count336
\nofMParguments=\count337
\everyMPshowfont=\toks46
\MPscratchCnt=\count338
\MPscratchDim=\dimen283
\MPnumerator=\count339
\makeMPintoPDFobject=\count340
\everyMPtoPDFconversion=\toks47
)
Package caption Info: Begin \AtBeginDocument code.
Package caption Info: float package is loaded.
Package caption Info: hyperref package is loaded.
Package caption Info: subfigure package is loaded.
Package caption Info: End \AtBeginDocument code.
Package hyperref Info: Link coloring OFF on input line 15.
 (./CjC_template_tex.out) (./CjC_template_tex.out)
\@outlinefile=\write5
\openout5 = `CjC_template_tex.out'.

 (./mainbody/command.tex) (./mainbody/title_abstract.tex (d:/PardoNekasu/Software/texlive/2023/texmf-dist/tex/latex/cjk/texinput/UTF8/UTF8.bdg
File: UTF8.bdg 2021/10/16 4.8.5
) (d:/PardoNekasu/Software/texlive/2023/texmf-dist/tex/latex/cjk/texinput/UTF8/UTF8.enc
File: UTF8.enc 2021/10/16 4.8.5
) (d:/PardoNekasu/Software/texlive/2023/texmf-dist/tex/latex/cjk/texinput/UTF8/UTF8.chr
File: UTF8.chr 2021/10/16 4.8.5
)
LaTeX Font Info:    Trying to load font information for C70+zhhei on input line 8.
 (d:/PardoNekasu/Software/texlive/2023/texmf-dist/tex/latex/zhmetrics/c70zhhei.fd
File: c70zhhei.fd 2009/09/23 4.8.2
) (d:/PardoNekasu/Software/texlive/2023/texmf-dist/tex/latex/cjk/texinput/UTF8/UTF8.enc
File: UTF8.enc 2021/10/16 4.8.5
) (d:/PardoNekasu/Software/texlive/2023/texmf-dist/tex/latex/cjk/texinput/UTF8/UTF8.chr
File: UTF8.chr 2021/10/16 4.8.5
)
LaTeX Font Info:    Trying to load font information for C70+song on input line 19.
 (d:/PardoNekasu/Software/texlive/2023/texmf-dist/tex/latex/cjk/texinput/UTF8/c70song.fd
File: c70song.fd 2021/10/16 4.8.5
)
LaTeX Font Info:    Calculating math sizes for size <16.06> on input line 19.


LaTeX Font Warning: Font shape `OT1/cmr/m/n' in size <16.06> not available
(Font)              size <17.28> substituted on input line 19.


LaTeX Font Warning: Font shape `OML/cmm/m/it' in size <16.06> not available
(Font)              size <17.28> substituted on input line 19.


LaTeX Font Warning: Font shape `OMS/cmsy/m/n' in size <16.06> not available
(Font)              size <17.28> substituted on input line 19.

LaTeX Font Info:    Trying to load font information for U+msa on input line 19.
(d:/PardoNekasu/Software/texlive/2023/texmf-dist/tex/latex/amsfonts/umsa.fd
File: umsa.fd 2013/01/14 v3.01 AMS symbols A
)
LaTeX Font Info:    Trying to load font information for U+msb on input line 19.
 (d:/PardoNekasu/Software/texlive/2023/texmf-dist/tex/latex/amsfonts/umsb.fd
File: umsb.fd 2013/01/14 v3.01 AMS symbols B
) (d:/PardoNekasu/Software/texlive/2023/texmf-dist/tex/latex/cjk/texinput/UTF8/UTF8.enc
File: UTF8.enc 2021/10/16 4.8.5
) (d:/PardoNekasu/Software/texlive/2023/texmf-dist/tex/latex/cjk/texinput/UTF8/UTF8.chr
File: UTF8.chr 2021/10/16 4.8.5
)
LaTeX Font Info:    Calculating math sizes for size <7.52812> on input line 27.


LaTeX Font Warning: Font shape `OT1/cmr/m/n' in size <7.52812> not available
(Font)              size <8> substituted on input line 27.


LaTeX Font Warning: Font shape `OT1/cmr/m/n' in size <3.76405> not available
(Font)              size <5> substituted on input line 27.


LaTeX Font Warning: Font shape `OML/cmm/m/it' in size <7.52812> not available
(Font)              size <8> substituted on input line 27.


LaTeX Font Warning: Font shape `OML/cmm/m/it' in size <3.76405> not available
(Font)              size <5> substituted on input line 27.


LaTeX Font Warning: Font shape `OMS/cmsy/m/n' in size <7.52812> not available
(Font)              size <8> substituted on input line 27.


LaTeX Font Warning: Font shape `OMS/cmsy/m/n' in size <3.76405> not available
(Font)              size <5> substituted on input line 27.

(d:/PardoNekasu/Software/texlive/2023/texmf-dist/tex/latex/cjk/texinput/UTF8/UTF8.enc
File: UTF8.enc 2021/10/16 4.8.5
) (d:/PardoNekasu/Software/texlive/2023/texmf-dist/tex/latex/cjk/texinput/UTF8/UTF8.chr
File: UTF8.chr 2021/10/16 4.8.5
) (d:/PardoNekasu/Software/texlive/2023/texmf-dist/tex/latex/cjk/texinput/UTF8/UTF8.enc
File: UTF8.enc 2021/10/16 4.8.5
) (d:/PardoNekasu/Software/texlive/2023/texmf-dist/tex/latex/cjk/texinput/UTF8/UTF8.chr
File: UTF8.chr 2021/10/16 4.8.5
)
LaTeX Font Info:    Trying to load font information for C70+fs on input line 48.
 (d:/PardoNekasu/Software/texlive/2023/texmf-dist/tex/latex/zhmetrics/c70fs.fd
File: c70fs.fd 2009/09/23 4.8.2
)
LaTeX Font Info:    Calculating math sizes for size <12.045> on input line 48.


LaTeX Font Warning: Font shape `OT1/cmr/m/n' in size <8.43146> not available
(Font)              size <8> substituted on input line 48.


LaTeX Font Warning: Font shape `OML/cmm/m/it' in size <8.43146> not available
(Font)              size <8> substituted on input line 48.


LaTeX Font Warning: Font shape `OMS/cmsy/m/n' in size <8.43146> not available
(Font)              size <8> substituted on input line 48.

(d:/PardoNekasu/Software/texlive/2023/texmf-dist/tex/latex/cjk/texinput/UTF8/UTF8.enc
File: UTF8.enc 2021/10/16 4.8.5
) (d:/PardoNekasu/Software/texlive/2023/texmf-dist/tex/latex/cjk/texinput/UTF8/UTF8.chr
File: UTF8.chr 2021/10/16 4.8.5
) (d:/PardoNekasu/Software/texlive/2023/texmf-dist/tex/latex/cjk/texinput/UTF8/UTF8.enc
File: UTF8.enc 2021/10/16 4.8.5
) (d:/PardoNekasu/Software/texlive/2023/texmf-dist/tex/latex/cjk/texinput/UTF8/UTF8.chr
File: UTF8.chr 2021/10/16 4.8.5
)
Underfull \hbox (badness 10000) in paragraph at lines 59--59

 []

(d:/PardoNekasu/Software/texlive/2023/texmf-dist/tex/latex/cjk/texinput/UTF8/UTF8.enc
File: UTF8.enc 2021/10/16 4.8.5
) (d:/PardoNekasu/Software/texlive/2023/texmf-dist/tex/latex/cjk/texinput/UTF8/UTF8.chr
File: UTF8.chr 2021/10/16 4.8.5
) (d:/PardoNekasu/Software/texlive/2023/texmf-dist/tex/latex/cjk/texinput/UTF8/UTF8.enc
File: UTF8.enc 2021/10/16 4.8.5
) (d:/PardoNekasu/Software/texlive/2023/texmf-dist/tex/latex/cjk/texinput/UTF8/UTF8.chr
File: UTF8.chr 2021/10/16 4.8.5
)
LaTeX Font Info:    Calculating math sizes for size <10.53937> on input line 88.


LaTeX Font Warning: Font shape `OT1/cmr/m/n' in size <10.53937> not available
(Font)              size <10.95> substituted on input line 88.


LaTeX Font Warning: Font shape `OML/cmm/m/it' in size <10.53937> not available
(Font)              size <10.95> substituted on input line 88.


LaTeX Font Warning: Font shape `OMS/cmsy/m/n' in size <10.53937> not available
(Font)              size <10.95> substituted on input line 88.

(d:/PardoNekasu/Software/texlive/2023/texmf-dist/tex/latex/cjk/texinput/UTF8/UTF8.enc
File: UTF8.enc 2021/10/16 4.8.5
) (d:/PardoNekasu/Software/texlive/2023/texmf-dist/tex/latex/cjk/texinput/UTF8/UTF8.chr
File: UTF8.chr 2021/10/16 4.8.5
) (d:/PardoNekasu/Software/texlive/2023/texmf-dist/tex/latex/cjk/texinput/UTF8/UTF8.enc
File: UTF8.enc 2021/10/16 4.8.5
) (d:/PardoNekasu/Software/texlive/2023/texmf-dist/tex/latex/cjk/texinput/UTF8/UTF8.chr
File: UTF8.chr 2021/10/16 4.8.5
) (d:/PardoNekasu/Software/texlive/2023/texmf-dist/tex/latex/cjk/texinput/UTF8/UTF8.enc
File: UTF8.enc 2021/10/16 4.8.5
) (d:/PardoNekasu/Software/texlive/2023/texmf-dist/tex/latex/cjk/texinput/UTF8/UTF8.chr
File: UTF8.chr 2021/10/16 4.8.5
) (d:/PardoNekasu/Software/texlive/2023/texmf-dist/tex/latex/cjk/texinput/UTF8/UTF8.enc
File: UTF8.enc 2021/10/16 4.8.5
) (d:/PardoNekasu/Software/texlive/2023/texmf-dist/tex/latex/cjk/texinput/UTF8/UTF8.chr
File: UTF8.chr 2021/10/16 4.8.5
) (d:/PardoNekasu/Software/texlive/2023/texmf-dist/tex/latex/cjk/texinput/UTF8/UTF8.enc
File: UTF8.enc 2021/10/16 4.8.5
) (d:/PardoNekasu/Software/texlive/2023/texmf-dist/tex/latex/cjk/texinput/UTF8/UTF8.chr
File: UTF8.chr 2021/10/16 4.8.5
) (d:/PardoNekasu/Software/texlive/2023/texmf-dist/tex/latex/cjk/texinput/UTF8/UTF8.enc
File: UTF8.enc 2021/10/16 4.8.5
) (d:/PardoNekasu/Software/texlive/2023/texmf-dist/tex/latex/cjk/texinput/UTF8/UTF8.chr
File: UTF8.chr 2021/10/16 4.8.5
) (d:/PardoNekasu/Software/texlive/2023/texmf-dist/tex/latex/cjk/texinput/UTF8/UTF8.enc
File: UTF8.enc 2021/10/16 4.8.5
) (d:/PardoNekasu/Software/texlive/2023/texmf-dist/tex/latex/cjk/texinput/UTF8/UTF8.chr
File: UTF8.chr 2021/10/16 4.8.5
) (d:/PardoNekasu/Software/texlive/2023/texmf-dist/tex/latex/cjk/texinput/UTF8/UTF8.enc
File: UTF8.enc 2021/10/16 4.8.5
) (d:/PardoNekasu/Software/texlive/2023/texmf-dist/tex/latex/cjk/texinput/UTF8/UTF8.chr
File: UTF8.chr 2021/10/16 4.8.5
) (d:/PardoNekasu/Software/texlive/2023/texmf-dist/tex/latex/cjk/texinput/UTF8/UTF8.enc
File: UTF8.enc 2021/10/16 4.8.5
) (d:/PardoNekasu/Software/texlive/2023/texmf-dist/tex/latex/cjk/texinput/UTF8/UTF8.chr
File: UTF8.chr 2021/10/16 4.8.5
)

Package fancyhdr Warning: \headheight is too small (17.07164pt): 
(fancyhdr)                Make it at least 27.6614pt, for example:
(fancyhdr)                \setlength{\headheight}{27.6614pt}.
(fancyhdr)                You might also make \topmargin smaller to compensate:
(fancyhdr)                \addtolength{\topmargin}{-10.58977pt}.

[1{d:/PardoNekasu/Software/texlive/2023/texmf-dist/fonts/enc/dvips/base/8r.enc}


]) (d:/PardoNekasu/Software/texlive/2023/texmf-dist/tex/latex/cjk/texinput/UTF8/UTF8.enc
File: UTF8.enc 2021/10/16 4.8.5
) (d:/PardoNekasu/Software/texlive/2023/texmf-dist/tex/latex/cjk/texinput/UTF8/UTF8.chr
File: UTF8.chr 2021/10/16 4.8.5
) (./sections/1_introduction.tex

pdfTeX warning: pdflatex.exe (file ./fig/fig1.pdf): PDF inclusion: found PDF version <1.6>, but at most version <1.5> allowed
<fig/fig1.pdf, id=293, 4388.395pt x 2048.65375pt>
File: fig/fig1.pdf Graphic file (type pdf)
<use fig/fig1.pdf>
Package pdftex.def Info: fig/fig1.pdf  used on input line 2.
(pdftex.def)             Requested size: 433.62pt x 202.40784pt.
LaTeX Font Info:    Calculating math sizes for size <9.03374> on input line 4.

LaTeX Font Warning: Font shape `OT1/cmr/m/n' in size <4.51686> not available
(Font)              size <5> substituted on input line 4.


LaTeX Font Warning: Font shape `OML/cmm/m/it' in size <4.51686> not available
(Font)              size <5> substituted on input line 4.


LaTeX Font Warning: Font shape `OMS/cmsy/m/n' in size <4.51686> not available
(Font)              size <5> substituted on input line 4.


Underfull \vbox (badness 10000) has occurred while \output is active []


Underfull \hbox (badness 2564) in paragraph at lines 19--20
\OT1/ptm/m/n/12.045 EPA \C70/fs/m/n/12.045/ff ^^H\OT1/ptm/m/n/12.045 Single Stage WSSS with En-hanced
 []


Underfull \hbox (badness 1259) in paragraph at lines 19--20
\OT1/ptm/m/n/12.045 Patch Affin-ity\C70/fs/m/n/12.045/ff 	 ^^L \C70/fs/m/n/12.045/54 å \C70/fs/m/n/12.045/4e ^^@ \C70/fs/m/n/12.045/79 Õ \C70/fs/m/n/12.045/59 4 \C70/fs/m/n/12.045/5e s \C70/fs/m/n/12.045/57 G \C70/fs/m/n/12.045/6c Ë \C70/fs/m/n/12.045/61 ^^O \C70/fs/m/n/12.045/52 õ
 []


Underfull \hbox (badness 2443) in paragraph at lines 19--20
\C70/fs/m/n/12.045/87 ç \C70/fs/m/n/12.045/54 ^^H \C70/fs/m/n/12.045/58 û \C70/fs/m/n/12.045/5f : \C70/fs/m/n/12.045/6a ! \C70/fs/m/n/12.045/57 W \C70/fs/m/n/12.045/ff ^^H\OT1/ptm/m/n/12.045 Head Av-er-age At-ten-tion
 []


Underfull \vbox (badness 10000) has occurred while \output is active []


Overfull \vbox (5.78505pt too high) has occurred while \output is active []

 [2



 <./fig/fig1.pdf>]
LaTeX Font Info:    Trying to load font information for TS1+ptm on input line 25.
 (d:/PardoNekasu/Software/texlive/2023/texmf-dist/tex/latex/psnfss/ts1ptm.fd
File: ts1ptm.fd 2001/06/04 font definitions for TS1/ptm.
)
Underfull \vbox (badness 10000) has occurred while \output is active []

) (./sections/2_related_work.tex
Overfull \hbox (2.28857pt too wide) has occurred while \output is active
[] 
 []


Overfull \vbox (5.78505pt too high) has occurred while \output is active []

 [3]
<fig/fig2.pdf, id=491, 3424.54407pt x 630.10406pt>
File: fig/fig2.pdf Graphic file (type pdf)
<use fig/fig2.pdf>
Package pdftex.def Info: fig/fig2.pdf  used on input line 18.
(pdftex.def)             Requested size: 433.62pt x 79.78195pt.
) (./sections/3_method.tex
Underfull \hbox (badness 1005) in paragraph at lines 28--3
\C70/fs/m/n/12.045/7e ‹ \C70/fs/m/n/12.045/4e K 
 \C70/fs/m/n/12.045/ff ^^L \C70/fs/m/n/12.045/5b X \C70/fs/m/n/12.045/57 ( \C70/fs/m/n/12.045/53 Í \C70/fs/m/n/12.045/6f ¿ \C70/fs/m/n/12.045/6d ; \C70/fs/m/n/12.045/67 ^^@ \C70/fs/m/n/12.045/66 > \C70/fs/m/n/12.045/84 W \C70/fs/m/n/12.045/53 : \C70/fs/m/n/12.045/57 ﬂ \C70/fs/m/n/12.045/76 Ñ \C70/fs/m/n/12.045/7f :
 []


Underfull \hbox (badness 1859) in paragraph at lines 11--12
[]\C70/fs/m/n/12.045/67 , \C70/fs/m/n/12.045/82 Ç \C70/fs/m/n/12.045/99 ñ \C70/fs/m/n/12.045/51 H \C70/fs/m/n/12.045/4e À \C70/fs/m/n/12.045/7e Õ \C70/fs/m/n/12.045/4e Ü\OT1/ptm/m/n/12.045 SS-EPA \C70/fs/m/n/12.045/76 Ñ \C70/fs/m/n/12.045/65 t \C70/fs/m/n/12.045/4f S \C70/fs/m/n/12.045/68 F
 []


LaTeX Warning: Command \textellipsis invalid in math mode on input line 33.


LaTeX Warning: Command \textellipsis invalid in math mode on input line 33.


Underfull \hbox (badness 1270) in paragraph at lines 30--35
\C70/fs/m/n/12.045/75 ^^_ \C70/fs/m/n/12.045/62 ^^P \C70/fs/m/n/12.045/4e ^^@ * \C70/fs/m/n/12.045/7e Ù \C70/fs/m/n/12.045/5e ¶ \C70/fs/m/n/12.045/54 ^^L \C70/fs/m/n/12.045/68 7 \C70/fs/m/n/12.045/4e :\OT1/ptm/m/n/12.045 D\C70/fs/m/n/12.045/76 Ñ \C70/fs/m/n/12.045/7c { \C70/fs/m/n/12.045/4e ‰ \C70/fs/m/n/12.045/72 L$\OML/cmm/m/it/12 T[] \OMS/cmsy/m/n/12 2
 []


Underfull \hbox (badness 1178) in paragraph at lines 30--35
\OML/cmm/m/it/12 R[]$\C70/fs/m/n/12.045/ff ^^L \C70/fs/m/n/12.045/5c ^^F \C70/fs/m/n/12.045/7c { \C70/fs/m/n/12.045/4e ‰ \C70/fs/m/n/12.045/72 L \C70/fs/m/n/12.045/4e ^^N \C70/fs/m/n/12.045/88 e \C70/fs/m/n/12.045/4e ^^A ‰ \C70/fs/m/n/12.045/72 L \C70/fs/m/n/12.045/94 ˛ \C70/fs/m/n/12.045/63 • \C70/fs/m/n/12.045/ff ^^L \C70/fs/m/n/12.045/5e v
 []


Underfull \hbox (badness 1360) in paragraph at lines 30--35
\C70/fs/m/n/12.045/5e v \C70/fs/m/n/12.045/8f ì \C70/fs/m/n/12.045/51 ˙ \C70/fs/m/n/12.045/4e ‰ \C70/fs/m/n/12.045/72 L \C70/fs/m/n/12.045/5e è \C70/fs/m/n/12.045/52 ^^W$\OML/cmm/m/it/12 T[] \OMS/cmsy/m/n/12 2 \OML/cmm/m/it/12 R[]; i \OT1/cmr/m/n/12 =
 []


Overfull \vbox (5.78505pt too high) has occurred while \output is active []

 [4 <./fig/fig2.pdf>]
Underfull \hbox (badness 10000) in paragraph at lines 51--52
[]\OT1/ptm/m/n/12.045 ViT back-bone\C70/fs/m/n/12.045/4f ^^? \C70/fs/m/n/12.045/75 ( \C70/fs/m/n/12.045/76 Ñ \C70/fs/m/n/12.045/66 / \C70/fs/m/n/12.045/68 ^^G \C70/fs/m/n/12.045/51 ∆
 []


Underfull \hbox (badness 1024) in paragraph at lines 51--52
\C70/fs/m/n/12.045/63 b \C70/fs/m/n/12.045/4e : ^^@ * \C70/fs/m/n/12.045/67 Â \C70/fs/m/n/12.045/8b ‚$\OML/cmm/m/it/12 Q \OMS/cmsy/m/n/12 2 \OML/cmm/m/it/12 R[]$\C70/fs/m/n/12.045/54 å \C70/fs/m/n/12.045/4e ^^@ \C70/fs/m/n/12.045/7e ƒ \C70/fs/m/n/12.045/95 .
 []


Underfull \hbox (badness 1168) in paragraph at lines 55--57
\C70/fs/m/n/12.045/4e 2 \C70/fs/m/n/12.045/80 T \C70/fs/m/n/12.045/8d w \C70/fs/m/n/12.045/67 e \C70/fs/m/n/12.045/ff ^^L \C70/fs/m/n/12.045/83 ∑ \C70/fs/m/n/12.045/5f ó \C70/fs/m/n/12.045/51 h \C70/fs/m/n/12.045/5c @ \C70/fs/m/n/12.045/6c Ë \C70/fs/m/n/12.045/61 ^^O \C70/fs/m/n/12.045/52 õ \C70/fs/m/n/12.045/5f   \C70/fs/m/n/12.045/91 œ$\OML/cmm/m/it/12 A \OMS/cmsy/m/n/12 2
 []


Underfull \hbox (badness 1005) in paragraph at lines 82--85
\C70/fs/m/n/12.045/61 ^^O \C70/fs/m/n/12.045/52 õ \C70/fs/m/n/12.045/5e s \C70/fs/m/n/12.045/57 G \C70/fs/m/n/12.045/67 e \C70/fs/m/n/12.045/80 Z \C70/fs/m/n/12.045/54 ^^H \C70/fs/m/n/12.045/8b Ì \C70/fs/m/n/12.045/4e I \C70/fs/m/n/12.045/4f · \C70/fs/m/n/12.045/60 o \C70/fs/m/n/12.045/30 ^^B \C70/fs/m/n/12.045/4e ^^T ^^@ * \C70/fs/m/n/12.045/68 ^^G
 []

<fig/fig3.pdf, id=552, 3515.63437pt x 1617.79407pt>
File: fig/fig3.pdf Graphic file (type pdf)
<use fig/fig3.pdf>
Package pdftex.def Info: fig/fig3.pdf  used on input line 87.
(pdftex.def)             Requested size: 227.65005pt x 104.74065pt.


pdfTeX warning: pdflatex.exe (file ./fig/fig4.pdf): PDF inclusion: found PDF version <1.6>, but at most version <1.5> allowed
<fig/fig4.pdf, id=553, 4033.0675pt x 840.13875pt>
File: fig/fig4.pdf Graphic file (type pdf)
<use fig/fig4.pdf>
Package pdftex.def Info: fig/fig4.pdf  used on input line 94.
(pdftex.def)             Requested size: 433.62pt x 90.32597pt.

LaTeX Warning: Command \textellipsis invalid in math mode on input line 100.


LaTeX Warning: Command \textellipsis invalid in math mode on input line 100.


Underfull \hbox (badness 1163) in paragraph at lines 100--103
\OT1/cmr/m/n/12 1\OML/cmm/m/it/12 ; :::; K$\C70/fs/m/n/12.045/ff ^^L\OT1/ptm/m/n/12.045 HAAF\C70/fs/m/n/12.045/99 ñ \C70/fs/m/n/12.045/51 H \C70/fs/m/n/12.045/91 « \C70/fs/m/n/12.045/75 ( \C70/fs/m/n/12.045/59 4 \C70/fs/m/n/12.045/5e s \C70/fs/m/n/12.045/57 G \C70/fs/m/n/12.045/64 Õ \C70/fs/m/n/12.045/4f \ \C70/fs/m/n/12.045/53 ª
 []


Underfull \hbox (badness 1708) in paragraph at lines 100--103
\C70/fs/m/n/12.045/96 d \C70/fs/m/n/12.045/7e Ù \C70/fs/m/n/12.045/5e ¶$\OML/cmm/m/it/12 H$\C70/fs/m/n/12.045/ff ^^L \C70/fs/m/n/12.045/67 	 \C70/fs/m/n/12.045/52 © \C70/fs/m/n/12.045/4e é \C70/fs/m/n/12.045/53 ª \C70/fs/m/n/12.045/96 d \C70/fs/m/n/12.045/51 ó \C70/fs/m/n/12.045/4f Y · \C70/fs/m/n/12.045/60 o \C70/fs/m/n/12.045/5e v \C70/fs/m/n/12.045/51 œ
 []


Underfull \hbox (badness 3657) in paragraph at lines 100--103
\C70/fs/m/n/12.045/5c ^^Q$\OML/cmm/m/it/12 H$\C70/fs/m/n/12.045/50 ^^M \C70/fs/m/n/12.045/76 Ñ \C70/fs/m/n/12.045/66 > \C70/fs/m/n/12.045/5b X \C70/fs/m/n/12.045/53 ` \C70/fs/m/n/12.045/75 ( \C70/fs/m/n/12.045/ff ^^L \C70/fs/m/n/12.045/5f ó \C70/fs/m/n/12.045/52 0$\OML/cmm/m/it/12 A[] \OMS/cmsy/m/n/12 2
 []


Overfull \hbox (2.28857pt too wide) has occurred while \output is active
[] 
 []


Overfull \vbox (5.78505pt too high) has occurred while \output is active []

 [5 <./fig/fig3.pdf>]) (./sections/4_experiments.tex
Overfull \vbox (5.78505pt too high) has occurred while \output is active []

 [6 <./fig/fig4.pdf>]
<fig/fig5.pdf, id=668, 2912.8825pt x 1353.055pt>
File: fig/fig5.pdf Graphic file (type pdf)
<use fig/fig5.pdf>
Package pdftex.def Info: fig/fig5.pdf  used on input line 27.
(pdftex.def)             Requested size: 433.62pt x 201.40105pt.

Underfull \hbox (badness 10000) in paragraph at lines 33--34
\C70/fs/m/n/12.045/8b ≠ \C70/fs/m/n/12.045/7e √ \C70/fs/m/n/12.045/76 Ñ\OT1/ptm/m/n/12.045 ViT-B\C70/fs/m/n/12.045/ff ^^H\OT1/ptm/m/n/12.045 vit[]base[]patch16[]224\C70/fs/m/n/12.045/ff 	\OT1/ptm/m/n/12.045 [[]7[]]\C70/fs/m/n/12.045/4f \
 []


Underfull \hbox (badness 10000) in paragraph at lines 33--34
\C70/fs/m/n/12.045/4e :\OT1/ptm/m/n/12.045 backbone\C70/fs/m/n/12.045/ff ^^L \C70/fs/m/n/12.045/5b É \C70/fs/m/n/12.045/67 	$\OT1/cmr/m/n/12 12$\C70/fs/m/n/12.045/5c B\OT1/ptm/m/n/12.045 Transformer \C70/fs/m/n/12.045/7f ^^V \C70/fs/m/n/12.045/78 ^^A
 []


LaTeX Warning: Command \textellipsis invalid in math mode on input line 35.


Underfull \hbox (badness 10000) in paragraph at lines 50--50
[]\C70/fs/m/n/9.03374/88 h \OT1/ptm/m/n/9.03374 1 \C70/fs/m/n/9.03374/4f * \C70/fs/m/n/9.03374/68 ^^G \C70/fs/m/n/9.03374/7b ~ \C70/fs/m/n/9.03374/75 ^^_ \C70/fs/m/n/9.03374/62 ^^P \C70/fs/m/n/9.03374/5b ö \C70/fs/m/n/9.03374/91 œ \C70/fs/m/n/9.03374/8b ƒ \C70/fs/m/n/9.03374/4f 0 \C70/fs/m/n/9.03374/ff ^^H\OT1/ptm/m/n/9.03374 MS\C70/fs/m/n/9.03374/ff ^^Z\OT1/ptm/m/n/9.03374 Multi
 []

LaTeX Font Info:    Calculating math sizes for size <6.52437> on input line 51.

LaTeX Font Warning: Font shape `OT1/cmr/m/n' in size <6.52437> not available
(Font)              size <7> substituted on input line 51.


LaTeX Font Warning: Font shape `OT1/cmr/m/n' in size <4.56703> not available
(Font)              size <5> substituted on input line 51.


LaTeX Font Warning: Font shape `OT1/cmr/m/n' in size <3.26218> not available
(Font)              size <5> substituted on input line 51.


LaTeX Font Warning: Font shape `OML/cmm/m/it' in size <6.52437> not available
(Font)              size <7> substituted on input line 51.


LaTeX Font Warning: Font shape `OML/cmm/m/it' in size <4.56703> not available
(Font)              size <5> substituted on input line 51.


LaTeX Font Warning: Font shape `OML/cmm/m/it' in size <3.26218> not available
(Font)              size <5> substituted on input line 51.


LaTeX Font Warning: Font shape `OMS/cmsy/m/n' in size <6.52437> not available
(Font)              size <7> substituted on input line 51.


LaTeX Font Warning: Font shape `OMS/cmsy/m/n' in size <4.56703> not available
(Font)              size <5> substituted on input line 51.


LaTeX Font Warning: Font shape `OMS/cmsy/m/n' in size <3.26218> not available
(Font)              size <5> substituted on input line 51.


Underfull \hbox (badness 1009) in paragraph at lines 75--76
[]\C70/fs/m/n/12.045/56 ˛[]\OT1/ptm/m/n/12.045 5[]\C70/fs/m/n/12.045/54 H \C70/fs/m/n/12.045/73 ∞ \C70/fs/m/n/12.045/4e Ü\OT1/ptm/m/n/12.045 SS-EPA\C70/fs/m/n/12.045/75 ^^_ \C70/fs/m/n/12.045/62 ^^P\OT1/ptm/m/n/12.045 CAM\C70/fs/m/n/12.045/76 Ñ \C70/fs/m/n/12.045/53 Ô \C70/fs/m/n/12.045/89 ∆ \C70/fs/m/n/12.045/53 ^^V
 []


Underfull \hbox (badness 1521) in paragraph at lines 75--76
\C70/fs/m/n/12.045/88 e \C70/fs/m/n/12.045/4e ^^A \C70/fs/m/n/12.045/8b Ì \C70/fs/m/n/12.045/4e I ≤ \C70/fs/m/n/12.045/54 å \C70/fs/m/n/12.045/52 õ \C70/fs/m/n/12.045/4f ^^X \C70/fs/m/n/12.045/53 ^^V\OT1/ptm/m/n/12.045 CAM\C70/fs/m/n/12.045/ff ^^L \C70/fs/m/n/12.045/53 Ô \C70/fs/m/n/12.045/4e Â \C70/fs/m/n/12.045/66 > \C70/fs/m/n/12.045/84 W
 []


Underfull \hbox (badness 1521) in paragraph at lines 75--76
\C70/fs/m/n/12.045/51 œ \C70/fs/m/n/12.045/5c ^^Q \C70/fs/m/n/12.045/52 ^^] \C70/fs/m/n/12.045/59 À\OT1/ptm/m/n/12.045 CAM\C70/fs/m/n/12.045/4e - \C70/fs/m/n/12.045/76 Ñ \C70/fs/m/n/12.045/56 j \C70/fs/m/n/12.045/58  \C70/fs/m/n/12.045/ff ^^L \C70/fs/m/n/12.045/7e † \C70/fs/m/n/12.045/6b c \C70/fs/m/n/12.045/95 ^^Y \C70/fs/m/n/12.045/8b Ô \C70/fs/m/n/12.045/6f ¿
 []


Underfull \hbox (badness 1521) in paragraph at lines 75--76
\C70/fs/m/n/12.045/6d ; \C70/fs/m/n/12.045/76 Ñ \C70/fs/m/n/12.045/80 Ã \C70/fs/m/n/12.045/66 o \C70/fs/m/n/12.045/53 : \C70/fs/m/n/12.045/57 ﬂ \C70/fs/m/n/12.045/ff ^^L \C70/fs/m/n/12.045/4f ^^?\OT1/ptm/m/n/12.045 CAM\C70/fs/m/n/12.045/66 Ù \C70/fs/m/n/12.045/52 † \C70/fs/m/n/12.045/7c æ \C70/fs/m/n/12.045/51 ∆ \C70/fs/m/n/12.045/54 å \C70/fs/m/n/12.045/7e ∆
 []


Overfull \hbox (2.28857pt too wide) has occurred while \output is active
[] 
 []


Overfull \vbox (5.78505pt too high) has occurred while \output is active []

 [7 <./fig/fig5.pdf>]
<fig/fig6.pdf, id=924, 2418.03375pt x 1368.61313pt>
File: fig/fig6.pdf Graphic file (type pdf)
<use fig/fig6.pdf>
Package pdftex.def Info: fig/fig6.pdf  used on input line 115.
(pdftex.def)             Requested size: 433.62pt x 245.42087pt.

Underfull \vbox (badness 1917) has occurred while \output is active []


Underfull \vbox (badness 10000) has occurred while \output is active []


Overfull \vbox (5.78505pt too high) has occurred while \output is active []

 [8 <./fig/fig6.pdf>]

pdfTeX warning: pdflatex.exe (file ./fig/fig7_h.pdf): PDF inclusion: found PDF version <1.6>, but at most version <1.5> allowed
<fig/fig7_h.pdf, id=1165, 4082.25125pt x 1742.51pt>
File: fig/fig7_h.pdf Graphic file (type pdf)
<use fig/fig7_h.pdf>
Package pdftex.def Info: fig/fig7_h.pdf  used on input line 212.
(pdftex.def)             Requested size: 433.62pt x 185.08273pt.

Overfull \hbox (8.40009pt too wide) in paragraph at lines 254--264
 [][] 
 []


Overfull \hbox (0.60367pt too wide) in paragraph at lines 277--286
 [][] 
 []


Underfull \hbox (badness 6268) in paragraph at lines 288--289
\C70/fs/m/n/12.045/76 Ñ \C70/fs/m/n/12.045/5b û \C70/fs/m/n/12.045/9a å \C70/fs/m/n/12.045/7e ” \C70/fs/m/n/12.045/67 ú \C70/fs/m/n/12.045/30 ^^B \C70/fs/m/n/12.045/7e ” \C70/fs/m/n/12.045/67 ú \C70/fs/m/n/12.045/88 h \C70/fs/m/n/12.045/66 ^^N \C70/fs/m/n/12.045/ff ^^L \C70/fs/m/n/12.045/57 ( \C70/fs/m/n/12.045/4e ^^M \C70/fs/m/n/12.045/4f ^^?
 []


Underfull \hbox (badness 2261) in paragraph at lines 288--289
\C70/fs/m/n/12.045/75 (\OT1/ptm/m/n/12.045 HAAF \C70/fs/m/n/12.045/76 Ñ \C70/fs/m/n/12.045/60 ≈ \C70/fs/m/n/12.045/51 µ \C70/fs/m/n/12.045/4e  \C70/fs/m/n/12.045/ff ^^L \C70/fs/m/n/12.045/65 t \C70/fs/m/n/12.045/4e *\OT1/ptm/m/n/12.045 SS-EPA \C70/fs/m/n/12.045/97 ^^@ \C70/fs/m/n/12.045/89 Å
 []


Underfull \hbox (badness 1460) in paragraph at lines 288--289
\C70/fs/m/n/12.045/53 ` \C70/fs/m/n/12.045/63 n \C70/fs/m/n/12.045/8f É \C70/fs/m/n/12.045/9a ÿ \C70/fs/m/n/12.045/76 Ñ Ñ \C70/fs/m/n/12.045/8b ° \C70/fs/m/n/12.045/7b ó \C70/fs/m/n/12.045/8d D \C70/fs/m/n/12.045/6e ê \C70/fs/m/n/12.045/ff ^^L\OT1/ptm/m/n/12.045 batchsize \C70/fs/m/n/12.045/4e :$\OT1/cmr/m/n/12 1$
 []


Overfull \hbox (2.28857pt too wide) has occurred while \output is active
[] 
 []


Overfull \vbox (5.78505pt too high) has occurred while \output is active []

 [9 <./fig/fig7_h.pdf>]) (./sections/5_conclusion.tex) (./mainbody/ref.tex
Underfull \vbox (badness 10000) has occurred while \output is active []

 (./CjC_template_tex.bbl
Underfull \hbox (badness 1990) in paragraph at lines 24--25
[]\OT1/ptm/m/n/12.045 J. Dai, K. He, and J. Sun, ``Box-sup:
 []


Underfull \hbox (badness 1308) in paragraph at lines 24--25
\OT1/ptm/m/n/12.045 Ex-ploit-ing bound-ing boxes to su-per-vise
 []


Underfull \hbox (badness 10000) in paragraph at lines 24--25
\OT1/ptm/m/n/12.045 con-vo-lu-tional net-works for se-man-tic
 []


Underfull \hbox (badness 10000) in paragraph at lines 24--25
\OT1/ptm/m/it/12.045 in-ter-na-tional con-fer-ence on com-puter
 []


Underfull \hbox (badness 10000) in paragraph at lines 27--28
\OT1/ptm/m/n/12.045 seg-men-ta-tion,'' \OT1/ptm/m/it/12.045 IEEE Trans-ac-tions on
 []


Underfull \hbox (badness 10000) in paragraph at lines 30--31
\OT1/ptm/m/n/12.045 ``Scrib-ble-sup: Scribble-supervised
 []


Underfull \hbox (badness 10000) in paragraph at lines 30--31
\OT1/ptm/m/n/12.045 con-vo-lu-tional net-works for se-man-tic
 []


Underfull \hbox (badness 6396) in paragraph at lines 33--34
\OT1/ptm/m/n/12.045 ``To-ken con-trast for weakly-supervised
 []


Underfull \hbox (badness 4634) in paragraph at lines 36--37
[]\OT1/ptm/m/n/12.045 L. Xu, W. Ouyang, M. Ben-namoun,
 []


Underfull \hbox (badness 3000) in paragraph at lines 36--37
\OT1/ptm/m/n/12.045 F. Bous-said, and D. Xu, ``Multi-class
 []


Underfull \hbox (badness 1917) in paragraph at lines 36--37
\OT1/ptm/m/it/12.045 the IEEE/CVF con-fer-ence on com-puter
 []


Overfull \vbox (5.78505pt too high) has occurred while \output is active []

 [10]
Underfull \hbox (badness 7540) in paragraph at lines 39--40
[]\OT1/ptm/m/n/12.045 B. Zhou, A. Khosla, A. Lapedriza,
 []


Underfull \hbox (badness 2334) in paragraph at lines 45--46
[]\OT1/ptm/m/n/12.045 L. Ru, Y. Zhan, B. Yu, and B. Du,
 []


Underfull \hbox (badness 1052) in paragraph at lines 45--46
\OT1/ptm/m/n/12.045 ``Learn-ing affin-ity from at-ten-tion: End-
 []


Underfull \hbox (badness 10000) in paragraph at lines 45--46
\OT1/ptm/m/n/12.045 to-end weakly-supervised se-man-tic
 []


Underfull \hbox (badness 10000) in paragraph at lines 45--46
\OT1/ptm/m/n/12.045 seg-men-ta-tion with trans-form-ers,''
 []


Underfull \hbox (badness 10000) in paragraph at lines 45--46
\OT1/ptm/m/n/12.045 in \OT1/ptm/m/it/12.045 Pro-ceed-ings of the IEEE/CVF
 []


Underfull \hbox (badness 1253) in paragraph at lines 48--49
[]\OT1/ptm/m/n/12.045 J. Ahn and S. Kwak, ``Learn-ing pixel-
 []


Underfull \hbox (badness 1584) in paragraph at lines 48--49
\OT1/ptm/m/n/12.045 level se-man-tic affin-ity with image-level
 []


Underfull \hbox (badness 2698) in paragraph at lines 51--52
\OT1/ptm/m/n/12.045 Y. Zhao, and S. Yan, ``Ob-ject re-gion
 []


Underfull \hbox (badness 5064) in paragraph at lines 51--52
\OT1/ptm/m/n/12.045 clas-si-fi-ca-tion to se-man-tic seg-men-ta-tion
 []


Underfull \hbox (badness 1297) in paragraph at lines 51--52
\OT1/ptm/m/n/12.045 ap-proach,'' in \OT1/ptm/m/it/12.045 Pro-ceed-ings of the IEEE
 []


Underfull \hbox (badness 4156) in paragraph at lines 54--55
[]\OT1/ptm/m/n/12.045 Y.-T. Chang, Q. Wang, W.-C. Hung,
 []


Underfull \hbox (badness 10000) in paragraph at lines 54--55
\OT1/ptm/m/n/12.045 R. Pi-ra-muthu, Y.-H. Tsai, and
 []


Underfull \hbox (badness 10000) in paragraph at lines 54--55
\OT1/ptm/m/n/12.045 M.-H. Yang, ``Weakly-supervised
 []


Underfull \hbox (badness 2376) in paragraph at lines 54--55
\OT1/ptm/m/n/12.045 se-man-tic seg-men-ta-tion via sub-category
 []


Underfull \hbox (badness 10000) in paragraph at lines 54--55
\OT1/ptm/m/n/12.045 ex-plo-ration,'' in \OT1/ptm/m/it/12.045 Pro-ceed-ings of the
 []


Underfull \hbox (badness 10000) in paragraph at lines 54--55
\OT1/ptm/m/it/12.045 IEEE/CVF con-fer-ence on com-puter
 []


Underfull \hbox (badness 1092) in paragraph at lines 57--58
[]\OT1/ptm/m/n/12.045 Y. Wang, J. Zhang, M. Kan, S. Shan,
 []


Underfull \hbox (badness 1917) in paragraph at lines 57--58
\OT1/ptm/m/it/12.045 the IEEE/CVF con-fer-ence on com-puter
 []


Underfull \hbox (badness 1895) in paragraph at lines 60--61
[]\OT1/ptm/m/n/12.045 X. Li, T. Zhou, J. Li, Y. Zhou, and
 []


Underfull \hbox (badness 10000) in paragraph at lines 60--61
\OT1/ptm/m/n/12.045 Z. Zhang, ``Group-wise se-man-tic
 []


Underfull \hbox (badness 1783) in paragraph at lines 60--61
\OT1/ptm/m/n/12.045 min-ing for weakly su-per-vised se-man-tic
 []


Underfull \hbox (badness 6893) in paragraph at lines 60--61
\OT1/ptm/m/n/12.045 seg-men-ta-tion,'' in \OT1/ptm/m/it/12.045 Pro-ceed-ings of the
 []


Underfull \hbox (badness 10000) in paragraph at lines 63--64
\OT1/ptm/m/n/12.045 su-per-vised se-man-tic seg-men-ta-tion,''
 []


Underfull \hbox (badness 10000) in paragraph at lines 63--64
\OT1/ptm/m/n/12.045 in \OT1/ptm/m/it/12.045 Pro-ceed-ings of the IEEE/CVF
 []


Underfull \hbox (badness 10000) in paragraph at lines 63--64
\OT1/ptm/m/it/12.045 con-fer-ence on com-puter vi-sion and
 []


Underfull \hbox (badness 2359) in paragraph at lines 66--67
[]\OT1/ptm/m/n/12.045 Y. Lin, M. Chen, W. Wang, B. Wu,
 []


Underfull \hbox (badness 1107) in paragraph at lines 66--67
\OT1/ptm/m/n/12.045 is also an ef-fi-cient seg-menter: A text-
 []


Underfull \hbox (badness 2600) in paragraph at lines 66--67
\OT1/ptm/m/n/12.045 driven ap-proach for weakly su-per-vised
 []


Underfull \hbox (badness 3954) in paragraph at lines 69--70
[]\OT1/ptm/m/n/12.045 A. Rad-ford, J. W. Kim, C. Hal-lacy,
 []


Underfull \hbox (badness 1199) in paragraph at lines 69--70
\OT1/ptm/m/n/12.045 A. Askell, P. Mishkin, J. Clark \OT1/ptm/m/it/12.045 et al.\OT1/ptm/m/n/12.045 ,
 []


Underfull \hbox (badness 10000) in paragraph at lines 69--70
\OT1/ptm/m/n/12.045 ``Learn-ing trans-fer-able vi-sual mod-els
 []


Underfull \hbox (badness 2837) in paragraph at lines 69--70
\OT1/ptm/m/n/12.045 from nat-u-ral lan-guage su-per-vi-sion,'' in
 []


Underfull \hbox (badness 10000) in paragraph at lines 69--70
\OT1/ptm/m/it/12.045 In-ter-na-tional con-fer-ence on ma-chine
 []


Overfull \hbox (2.28857pt too wide) has occurred while \output is active
[] 
 []


Overfull \vbox (5.78505pt too high) has occurred while \output is active []

 [11]
Underfull \hbox (badness 10000) in paragraph at lines 75--76
[]\OT1/ptm/m/n/12.045 A. Vaswani, ``At-ten-tion is all you
 []


Underfull \hbox (badness 1655) in paragraph at lines 75--76
\OT1/ptm/m/n/12.045 need,'' \OT1/ptm/m/it/12.045 Ad-vances in Neu-ral In-for-ma-tion
 []


Underfull \hbox (badness 10000) in paragraph at lines 78--79
[]\OT1/ptm/m/n/12.045 M. Tang, F. Per-azzi, A. Djelouah,
 []


Underfull \hbox (badness 10000) in paragraph at lines 78--79
\OT1/ptm/m/n/12.045 ``On reg-u-lar-ized losses for weakly-
 []


Underfull \hbox (badness 10000) in paragraph at lines 78--79
\OT1/ptm/m/n/12.045 supervised cnn seg-men-ta-tion,'' in
 []


Underfull \hbox (badness 1400) in paragraph at lines 78--79
\OT1/ptm/m/it/12.045 on com-puter vi-sion (ECCV)\OT1/ptm/m/n/12.045 , 2018, pp.
 []


Underfull \hbox (badness 10000) in paragraph at lines 81--82
\OT1/ptm/m/n/12.045 fea-ture reg-u-lar-ized loss for weakly
 []


Underfull \hbox (badness 2409) in paragraph at lines 84--85
[]\OT1/ptm/m/n/12.045 B. Zhang, J. Xiao, Y. Wei, M. Sun,
 []


Underfull \hbox (badness 1490) in paragraph at lines 84--85
\OT1/ptm/m/n/12.045 seg-men-ta-tion ap-proach,'' in \OT1/ptm/m/it/12.045 Pro-ceed-ings
 []


Underfull \hbox (badness 4886) in paragraph at lines 84--85
\OT1/ptm/m/it/12.045 of the AAAI Con-fer-ence on Ar-ti-fi-cial
 []


Underfull \hbox (badness 2828) in paragraph at lines 87--88
[]\OT1/ptm/m/n/12.045 M. Ev-er-ing-ham, L. Van Gool, C. K.
 []


Underfull \hbox (badness 2050) in paragraph at lines 87--88
\OT1/ptm/m/n/12.045 Williams, J. Winn, and A. Zis-ser-man,
 []


Underfull \hbox (badness 1478) in paragraph at lines 87--88
\OT1/ptm/m/n/12.045 ``The pas-cal vi-sual ob-ject classes (voc)
 []


Underfull \hbox (badness 10000) in paragraph at lines 87--88
\OT1/ptm/m/n/12.045 chal-lenge,'' \OT1/ptm/m/it/12.045 In-ter-na-tional jour-nal of
 []


Underfull \hbox (badness 1152) in paragraph at lines 87--88
\OT1/ptm/m/it/12.045 com-puter vi-sion\OT1/ptm/m/n/12.045 , vol. 88, pp. 303--338,
 []


Underfull \hbox (badness 10000) in paragraph at lines 96--97
[]\OT1/ptm/m/n/12.045 I. Loshchilov, ``De-cou-pled weight
 []


Underfull \hbox (badness 10000) in paragraph at lines 96--97
\OT1/ptm/m/n/12.045 de-cay reg-u-lar-iza-tion,'' \OT1/ptm/m/it/12.045 arXiv preprint
 []


Underfull \hbox (badness 6825) in paragraph at lines 99--100
[]\OT1/ptm/m/n/12.045 S. Ros-setti, D. Zap-pia, M. San-zari,
 []


Underfull \hbox (badness 1028) in paragraph at lines 102--103
[]\OT1/ptm/m/n/12.045 Z. Chen and Q. Sun, ``Ex-tract-ing class
 []


Underfull \hbox (badness 1360) in paragraph at lines 102--103
\OT1/ptm/m/n/12.045 ac-ti-va-tion maps from non-discriminative
 []


Underfull \hbox (badness 6758) in paragraph at lines 105--106
\OT1/ptm/m/n/12.045 su-per-vised se-man-tic seg-men-ta-tion,'' in
 []


Underfull \hbox (badness 10000) in paragraph at lines 108--109
[]\OT1/ptm/m/n/12.045 B. Mu-ruge-san, R. Hus-sain,
 []


Underfull \hbox (badness 1939) in paragraph at lines 108--109
\OT1/ptm/m/n/12.045 se-man-tic seg-men-ta-tion,'' in \OT1/ptm/m/it/12.045 Pro-ceed-ings
 []


Underfull \hbox (badness 6658) in paragraph at lines 111--112
[]\OT1/ptm/m/n/12.045 N. Araslanov and S. Roth, ``Single-
 []


Overfull \vbox (5.78505pt too high) has occurred while \output is active []

 [12]
Underfull \hbox (badness 10000) in paragraph at lines 114--115
\OT1/ptm/m/n/12.045 self-supervised low-rank net-work for
 []


Underfull \hbox (badness 10000) in paragraph at lines 114--115
\OT1/ptm/m/n/12.045 se-man-tic seg-men-ta-tion,'' \OT1/ptm/m/it/12.045 In-ter-na-tional
 []


Underfull \hbox (badness 2134) in paragraph at lines 114--115
\OT1/ptm/m/it/12.045 Jour-nal of Com-puter Vi-sion\OT1/ptm/m/n/12.045 , vol. 130,
 []


Underfull \hbox (badness 4954) in paragraph at lines 117--118
\OT1/ptm/m/n/12.045 and L. Cheng, ``Masked col-lab-o-ra-tive
 []


Underfull \hbox (badness 6893) in paragraph at lines 117--118
\OT1/ptm/m/n/12.045 seg-men-ta-tion,'' in \OT1/ptm/m/it/12.045 Pro-ceed-ings of the
 []


Underfull \hbox (badness 10000) in paragraph at lines 117--118
\OT1/ptm/m/it/12.045 IEEE/CVF Win-ter Con-fer-ence on
 []


Underfull \hbox (badness 10000) in paragraph at lines 120--121
\OT1/ptm/m/n/12.045 with deep con-vo-lu-tional nets and
 []


Underfull \hbox (badness 8094) in paragraph at lines 120--121
\OT1/ptm/m/n/12.045 fully con-nected crfs,'' \OT1/ptm/m/it/12.045 arXiv preprint
 []


Underfull \hbox (badness 7256) in paragraph at lines 123--124
\OT1/ptm/m/n/12.045 H. Zhang, and Q. Sun, ``Class re-
 []


Underfull \hbox (badness 7168) in paragraph at lines 123--124
\OT1/ptm/m/n/12.045 activation maps for weakly-supervised
 []


Underfull \hbox (badness 1917) in paragraph at lines 123--124
\OT1/ptm/m/it/12.045 the IEEE/CVF con-fer-ence on com-puter
 []


Underfull \hbox (badness 10000) in paragraph at lines 126--127
\OT1/ptm/m/n/12.045 mat-ters in wsss: Ma-nip-u-lat-ing the
 []


Underfull \hbox (badness 3701) in paragraph at lines 126--127
\OT1/ptm/m/n/12.045 ac-ti-va-tion for the ro-bust and ac-cu-rate
 []


Underfull \hbox (badness 1701) in paragraph at lines 126--127
\OT1/ptm/m/n/12.045 seg-men-ta-tion model against thresh-olds,''
 []


Underfull \hbox (badness 10000) in paragraph at lines 126--127
\OT1/ptm/m/n/12.045 in \OT1/ptm/m/it/12.045 Pro-ceed-ings of the IEEE/CVF
 []


Underfull \hbox (badness 10000) in paragraph at lines 126--127
\OT1/ptm/m/it/12.045 con-fer-ence on com-puter vi-sion and
 []


Underfull \hbox (badness 3735) in paragraph at lines 129--130
\OT1/ptm/m/n/12.045 X. Luo, and C. H. Liu, ``Em-bed-ded
 []


Underfull \hbox (badness 4792) in paragraph at lines 129--130
\OT1/ptm/m/n/12.045 dis-crim-i-na-tive at-ten-tion mech-a-nism for
 []


Underfull \hbox (badness 10000) in paragraph at lines 129--130
\OT1/ptm/m/n/12.045 in \OT1/ptm/m/it/12.045 Pro-ceed-ings of the IEEE/CVF
 []


Underfull \hbox (badness 1917) in paragraph at lines 132--133
\OT1/ptm/m/it/12.045 the IEEE/CVF con-fer-ence on com-puter
 []


Underfull \hbox (badness 1436) in paragraph at lines 135--136
[]\OT1/ptm/m/n/12.045 S. Rong, B. Tu, Z. Wang, and J. Li,
 []


Underfull \hbox (badness 10000) in paragraph at lines 135--136
\OT1/ptm/m/n/12.045 ``Boundary-enhanced co-training for
 []


Underfull \hbox (badness 10000) in paragraph at lines 135--136
\OT1/ptm/m/n/12.045 in \OT1/ptm/m/it/12.045 Pro-ceed-ings of the IEEE/CVF
 []


Underfull \hbox (badness 10000) in paragraph at lines 135--136
\OT1/ptm/m/it/12.045 Con-fer-ence on Com-puter Vi-sion and
 []


Underfull \hbox (badness 1400) in paragraph at lines 135--136
\OT1/ptm/m/it/12.045 Pat-tern Recog-ni-tion\OT1/ptm/m/n/12.045 , 2023, pp. 19574--
 []


Underfull \hbox (badness 7238) in paragraph at lines 138--139
[]\OT1/ptm/m/n/12.045 T. Zhou, M. Zhang, F. Zhao, and
 []


Underfull \hbox (badness 10000) in paragraph at lines 138--139
\OT1/ptm/m/n/12.045 J. Li, ``Re-gional se-man-tic con-trast
 []


Underfull \hbox (badness 2753) in paragraph at lines 138--139
\OT1/ptm/m/n/12.045 and ag-gre-ga-tion for weakly su-per-vised
 []


Underfull \hbox (badness 1490) in paragraph at lines 141--142
\OT1/ptm/m/n/12.045 X. Ji, L. Yuan, C. Liu, and J. Chen,
 []


Underfull \hbox (badness 10000) in paragraph at lines 141--142
\OT1/ptm/m/n/12.045 su-per-vised se-man-tic seg-men-ta-tion,''
 []


Underfull \hbox (badness 10000) in paragraph at lines 141--142
\OT1/ptm/m/n/12.045 in \OT1/ptm/m/it/12.045 Pro-ceed-ings of the IEEE/CVF
 []


Underfull \hbox (badness 10000) in paragraph at lines 141--142
\OT1/ptm/m/it/12.045 Con-fer-ence on Com-puter Vi-sion and
 []


Underfull \hbox (badness 1400) in paragraph at lines 141--142
\OT1/ptm/m/it/12.045 Pat-tern Recog-ni-tion\OT1/ptm/m/n/12.045 , 2023, pp. 23673--
 []


Underfull \hbox (badness 10000) in paragraph at lines 144--145
[]\OT1/ptm/m/n/12.045 Y. Li, G. Yuan, Y. Wen, J. Hu,
 []


Underfull \hbox (badness 1348) in paragraph at lines 144--145
\OT1/ptm/m/n/12.045 G. Evan-ge-lidis, S. Tulyakov, Y. Wang,
 []


Underfull \hbox (badness 4569) in paragraph at lines 144--145
\OT1/ptm/m/n/12.045 and J. Ren, ``Ef-fi-cient-former: Vi-sion
 []


Underfull \hbox (badness 1112) in paragraph at lines 147--148
\OT1/ptm/m/n/12.045 Z. Zhang, S. Lin, and B. Guo, ``Swin
 []


Underfull \hbox (badness 10000) in paragraph at lines 147--148
\OT1/ptm/m/n/12.045 trans-former: Hi-er-ar-chi-cal vi-sion
 []


Underfull \hbox (badness 2050) in paragraph at lines 147--148
\OT1/ptm/m/n/12.045 trans-former us-ing shifted win-dows,'' in
 []


Overfull \hbox (2.28857pt too wide) has occurred while \output is active
[] 
 []


Overfull \vbox (5.78505pt too high) has occurred while \output is active []

 [13]))
- LAST -
Extra skip:2.31871pt
Left:25.65364pt/2.48721pt
Right:25.65364pt/0.1685pt
Split: 28.48045pt
Output:28.48045pt
Pageshrink: 0.0pt
Pagestretch: 0.0pt
@colht:668.63977pt
FLUSHEND [output]: 28.48045pt
FLUSHEND [leftcolumn badness]: 10000
FUSHEND [rightcolumn badness]: 10000
 (d:/PardoNekasu/Software/texlive/2023/texmf-dist/tex/latex/cjk/texinput/UTF8/UTF8.enc
File: UTF8.enc 2021/10/16 4.8.5
) (d:/PardoNekasu/Software/texlive/2023/texmf-dist/tex/latex/cjk/texinput/UTF8/UTF8.chr
File: UTF8.chr 2021/10/16 4.8.5
) (d:/PardoNekasu/Software/texlive/2023/texmf-dist/tex/latex/cjk/texinput/UTF8/UTF8.enc
File: UTF8.enc 2021/10/16 4.8.5
) (d:/PardoNekasu/Software/texlive/2023/texmf-dist/tex/latex/cjk/texinput/UTF8/UTF8.chr
File: UTF8.chr 2021/10/16 4.8.5
) [14] (./CjC_template_tex.aux)

LaTeX Font Warning: Size substitutions with differences
(Font)              up to 1.73782pt have occurred.

Package rerunfilecheck Info: File `CjC_template_tex.out' has not changed.
(rerunfilecheck)             Checksum: 2AB57381EEFD9A045F1A00908F186782;2233.
 ) 
Here is how much of TeX's memory you used:
 19124 strings out of 476025
 324779 string characters out of 5783536
 1896382 words of memory out of 5000000
 38523 multiletter control sequences out of 15000+600000
 623876 words of font info for 402 fonts, out of 8000000 for 9000
 1141 hyphenation exceptions out of 8191
 99i,12n,95p,1838b,1769s stack positions out of 10000i,1000n,20000p,200000b,200000s
<simhei.ttf><simfang.ttf><simhei.ttf><simhei.ttf><simhei.ttf><simhei.ttf><simhei.ttf><simhei.ttf><simhei.ttf><simhei.ttf><simhei.ttf><simfang.ttf><simhei.ttf><simhei.ttf><simhei.ttf><simhei.ttf><simhei.ttf><simfang.ttf><simhei.ttf><simhei.ttf><simhei.ttf><simfang.ttf><simhei.ttf><simhei.ttf><simhei.ttf><simhei.ttf><simhei.ttf><simfang.ttf><simfang.ttf><simfang.ttf><simfang.ttf><simfang.ttf><simfang.ttf><simfang.ttf><simfang.ttf><simfang.ttf><simhei.ttf><simfang.ttf><simfang.ttf><simfang.ttf><simsun.ttc><simsun.ttc><simsun.ttc><simhei.ttf><simhei.ttf><simfang.ttf><simfang.ttf><simfang.ttf><simfang.ttf><simfang.ttf><simfang.ttf><simfang.ttf><simfang.ttf><simfang.ttf><simfang.ttf><simfang.ttf><simfang.ttf><simfang.ttf><simfang.ttf><simfang.ttf><simfang.ttf><simfang.ttf><simfang.ttf><simfang.ttf><simfang.ttf><simfang.ttf><simfang.ttf><simfang.ttf><simfang.ttf><simfang.ttf><simfang.ttf><simfang.ttf><simfang.ttf><simfang.ttf><simfang.ttf><simfang.ttf><simfang.ttf><simfang.ttf><simfang.ttf><simfang.ttf><simfang.ttf><simfang.ttf><simfang.ttf><simfang.ttf><simfang.ttf><simfang.ttf><simfang.ttf><simfang.ttf><simfang.ttf><simfang.ttf><simfang.ttf><simfang.ttf><simfang.ttf><simfang.ttf><simfang.ttf><simfang.ttf><simfang.ttf><simfang.ttf><simfang.ttf><simfang.ttf><simfang.ttf><simfang.ttf><simfang.ttf><simfang.ttf><simfang.ttf><simfang.ttf><simfang.ttf><simhei.ttf><simhei.ttf><simsun.ttc><simsun.ttc><simsun.ttc><simsun.ttc><simsun.ttc><simsun.ttc><simsun.ttc><simsun.ttc><simsun.ttc><simsun.ttc><simsun.ttc><simsun.ttc><simsun.ttc><simsun.ttc><simsun.ttc><simsun.ttc><simsun.ttc><simhei.ttf><simhei.ttf><simhei.ttf><simhei.ttf><simhei.ttf><simhei.ttf><simhei.ttf><simhei.ttf><simhei.ttf><simhei.ttf><simhei.ttf><simhei.ttf><simhei.ttf><simhei.ttf><simhei.ttf><simhei.ttf><simsun.ttc><simsun.ttc><simsun.ttc><simsun.ttc><simsun.ttc><simsun.ttc><simsun.ttc><simsun.ttc><simsun.ttc><simsun.ttc><simsun.ttc><simsun.ttc><simsun.ttc><simsun.ttc><simsun.ttc><simsun.ttc><simsun.ttc><simsun.ttc><simsun.ttc><simsun.ttc><d:/PardoNekasu/Software/texlive/2023/texmf-dist/fonts/type1/public/amsfonts/cm/cmex10.pfb><d:/PardoNekasu/Software/texlive/2023/texmf-dist/fonts/type1/public/amsfonts/cm/cmmi12.pfb><d:/PardoNekasu/Software/texlive/2023/texmf-dist/fonts/type1/public/amsfonts/cm/cmmi8.pfb><d:/PardoNekasu/Software/texlive/2023/texmf-dist/fonts/type1/public/amsfonts/cm/cmr10.pfb><d:/PardoNekasu/Software/texlive/2023/texmf-dist/fonts/type1/public/amsfonts/cm/cmr12.pfb><d:/PardoNekasu/Software/texlive/2023/texmf-dist/fonts/type1/public/amsfonts/cm/cmr5.pfb><d:/PardoNekasu/Software/texlive/2023/texmf-dist/fonts/type1/public/amsfonts/cm/cmr6.pfb><d:/PardoNekasu/Software/texlive/2023/texmf-dist/fonts/type1/public/amsfonts/cm/cmr7.pfb><d:/PardoNekasu/Software/texlive/2023/texmf-dist/fonts/type1/public/amsfonts/cm/cmr8.pfb><d:/PardoNekasu/Software/texlive/2023/texmf-dist/fonts/type1/public/amsfonts/cm/cmr9.pfb><d:/PardoNekasu/Software/texlive/2023/texmf-dist/fonts/type1/public/amsfonts/cm/cmsy10.pfb><d:/PardoNekasu/Software/texlive/2023/texmf-dist/fonts/type1/public/amsfonts/cm/cmsy8.pfb><d:/PardoNekasu/Software/texlive/2023/texmf-dist/fonts/type1/public/amsfonts/cm/cmsy9.pfb><d:/PardoNekasu/Software/texlive/2023/texmf-dist/fonts/type1/urw/times/utmb8a.pfb><d:/PardoNekasu/Software/texlive/2023/texmf-dist/fonts/type1/urw/times/utmbi8a.pfb><d:/PardoNekasu/Software/texlive/2023/texmf-dist/fonts/type1/urw/times/utmr8a.pfb><d:/PardoNekasu/Software/texlive/2023/texmf-dist/fonts/type1/urw/times/utmri8a.pfb>
Output written on CjC_template_tex.pdf (14 pages, 14471874 bytes).
PDF statistics:
 2003 PDF objects out of 2073 (max. 8388607)
 1282 compressed objects within 13 object streams
 100 named destinations out of 1000 (max. 500000)
 536 words of extra memory for PDF output out of 10000 (max. 10000000)

